1569713652185	mozrunner::runner	INFO	Running command: "C:\\Program Files\\Mozilla Firefox\\firefox.exe" "-marionette" "-foreground" "-no-remote" "-profile" "C:\\Users\\katzc\\AppData\\Local\\Temp\\rust_mozprofile.aGhrE11zws5e"
1569713652633	addons.webextension.screenshots@mozilla.org	WARN	Loading extension 'screenshots@mozilla.org': Reading manifest: Invalid extension permission: mozillaAddons
1569713652633	addons.webextension.screenshots@mozilla.org	WARN	Loading extension 'screenshots@mozilla.org': Reading manifest: Invalid extension permission: telemetry
1569713652633	addons.webextension.screenshots@mozilla.org	WARN	Loading extension 'screenshots@mozilla.org': Reading manifest: Invalid extension permission: resource://pdf.js/
1569713652634	addons.webextension.screenshots@mozilla.org	WARN	Loading extension 'screenshots@mozilla.org': Reading manifest: Invalid extension permission: about:reader*
JavaScript error: resource://gre/modules/XULStore.jsm, line 66: Error: Can't find profile directory.
1569713654302	Marionette	INFO	Listening on port 53309
1569713654803	Marionette	WARN	TLS certificate errors will be ignored for this session
[Child 6120, Chrome_ChildThread] WARNING: pipe error: 109: file z:/task_1568728986/build/src/ipc/chromium/src/chrome/common/ip[Cc_chhanneill_dw i5n1.cc, line 341
32, Chrome_ChildThread[] WARNING: pipe error: 109: file z:/task_1568728986/build/src/ipc/chromium/src/chrome/common/ipc_channel_win.cc, line 341
[Child 5132, Chrome_Child[Parent 16008, Gecko_IOThread] WARNING: pipe error: 109: file z:/task_1568728986/build/src/ipc/chromium/src/chrome/common/ipc_channel_win.cc, line 341
1569713659670	Marionette	INFO	Stopped listening on port 53309
[GPU 
###!!! [Child][RunMessage] Error: Channel closing: too late to send/recv, messages will be lost

4792, C
###!!! [Child][MessageChannel::SendAndWait] Error: Channel error: cannot send/recv

1569713740011	mozrunner::runner	INFO	Running command: "C:\\Program Files\\Mozilla Firefox\\firefox.exe" "-marionette" "-foreground" "-no-remote" "-profile" "C:\\Users\\katzc\\AppData\\Local\\Temp\\rust_mozprofile.w6yaubXI2Drn"
1569713740421	addons.webextension.screenshots@mozilla.org	WARN	Loading extension 'screenshots@mozilla.org': Reading manifest: Invalid extension permission: mozillaAddons
1569713740421	addons.webextension.screenshots@mozilla.org	WARN	Loading extension 'screenshots@mozilla.org': Reading manifest: Invalid extension permission: telemetry
1569713740421	addons.webextension.screenshots@mozilla.org	WARN	Loading extension 'screenshots@mozilla.org': Reading manifest: Invalid extension permission: resource://pdf.js/
1569713740422	addons.webextension.screenshots@mozilla.org	WARN	Loading extension 'screenshots@mozilla.org': Reading manifest: Invalid extension permission: about:reader*
JavaScript error: resource://gre/modules/XULStore.jsm, line 66: Error: Can't find profile directory.
1569713742041	Marionette	INFO	Listening on port 53502
1569713742130	Marionette	WARN	TLS certificate errors will be ignored for this session
[Child 2740, Chrome_ChildThread] WARNING: pipe error: 109: file z:/task_1568728986/build/src/ipc/chromium/src/chrome/common/ipc_channel_win.cc, line 341
[Child 27[Child 11252, Chrome_ChildThread] WARNING: pipe error: 109: file z:/task_1568728986/build/src/ipc/chromium/src/chrome/common/ipc_channel_win.cc, line 341
[Child 11252, Chrome_ChildThread] WARNING: pipe error: 109: file z:/task_1568728986/b[Parent 8636, Gecko_IOThread] WARNING: pipe error: 109: file z:/task_1568728986/build/src/ipc/chromium/src/chrome/common/ipc_channel_win.cc, line 341
[Child 10284, Chrome_ChildThread] WARNING: pipe error: 109: file z:/task_1568728986/build/src/ipc/chromium/src/chrome/common/ipc_channel_win.cc, line 341
[Child 10284, 1569713771179	Marionette	INFO	Stopped listening on port 53502

###!!! [Child][RunMessage] Error: Channel closing: too late to send/recv, messages will be lost

[GPU 1460, Chro
###!!! [Child][MessageChannel::SendAndWait] Error: Channel error: cannot send/recv

1569713779219	mozrunner::runner	INFO	Running command: "C:\\Program Files\\Mozilla Firefox\\firefox.exe" "-marionette" "-foreground" "-no-remote" "-profile" "C:\\Users\\katzc\\AppData\\Local\\Temp\\rust_mozprofile.uIyatJ2Oax5O"
1569713779629	addons.webextension.screenshots@mozilla.org	WARN	Loading extension 'screenshots@mozilla.org': Reading manifest: Invalid extension permission: mozillaAddons
1569713779629	addons.webextension.screenshots@mozilla.org	WARN	Loading extension 'screenshots@mozilla.org': Reading manifest: Invalid extension permission: telemetry
1569713779629	addons.webextension.screenshots@mozilla.org	WARN	Loading extension 'screenshots@mozilla.org': Reading manifest: Invalid extension permission: resource://pdf.js/
1569713779629	addons.webextension.screenshots@mozilla.org	WARN	Loading extension 'screenshots@mozilla.org': Reading manifest: Invalid extension permission: about:reader*
JavaScript error: resource://gre/modules/XULStore.jsm, line 66: Error: Can't find profile directory.
1569713781160	Marionette	INFO	Listening on port 53556
1569713781237	Marionette	WARN	TLS certificate errors will be ignored for this session
[Child 5192, Chrome_ChildThread] WARNING: pipe error: 109: file z:/task_1568728986/build/src/ipc/chromium/src/chrome/common/ipc_channel_win.cc, line 341
[Child 5192, Chrome_ChildThread] WARNING: pipe error: 109: file z:/task_1568728986/build/src/ipc/chromium/src/chrome/common/ipc_channel_win.cc, line 341
[Parent 15036, Gecko_IOThread] WARNING: pipe error: 109: file z:/task_1568728986/build/src/ipc/chromium/src/chrome/common/ipc_channel_win.cc, line 341
[Child 12732, Chrome_ChildThread] WARNING: pipe error: 109: file z:/task_1568728986/build/src/ipc/chromium/src/chrome/common/ipc_channel_win.cc, line 341
[Child 12732, 1569713893551	Marionette	INFO	Stopped listening on port 53556

###!!! [Child][RunMessage] Error: Channel closing: too late to send/recv, messages will be lost

[GPU 16420, Chr
###!!! [Child][MessageChannel::SendAndWait] Error: Channel error: cannot send/recv

 about:reader*
JavaScript error: resource://gre/modules/XULStore.jsm, line 66: Error: Can't find profile directory.
1569713884973	Marionette	INFO	Listening on port 53852
1569713885241	Marionette	WARN	TLS certificate errors will be ignored for this session
[Child 2604, Chrome_ChildThread] WARNING: pipe error: 109: file z:/task_1568728986/build/src/ipc/chromium/src/chro[mChield /1c5o0mmon/ipc_channel_win.cc, lin6e8, Ch r3ome_ChildThread] WARNING: pipe er4ror: 1019: fi
le z:/task_1568728986/build/src/ipc/chromium/src/chrome/common/ipc_channel_win.cc, line 341
[[Child 1[Child 14396, Chrome_ChildThread] WARNING: pipe error: 109: file z:/task_1568728986/build/src/ipc/chromium/src/chrome/common/ipc_channel_win.cc, line 341
[Child 14396,1569713893099	Marionette	INFO	Stopped listening on port 53852
[GPU 8
###!!! [Child][RunMessage] Error: Channel closing: too late to send/recv, messages will be lost

872, Chr
###!!! [Child][MessageChannel::SendAndWait] Error: Channel error: cannot send/recv

1569713916123	mozrunner::runner	INFO	Running command: "C:\\Program Files\\Mozilla Firefox\\firefox.exe" "-marionette" "-foreground" "-no-remote" "-profile" "C:\\Users\\katzc\\AppData\\Local\\Temp\\rust_mozprofile.2XmwWlEC3EXF"
1569713916521	addons.webextension.screenshots@mozilla.org	WARN	Loading extension 'screenshots@mozilla.org': Reading manifest: Invalid extension permission: mozillaAddons
1569713916522	addons.webextension.screenshots@mozilla.org	WARN	Loading extension 'screenshots@mozilla.org': Reading manifest: Invalid extension permission: telemetry
1569713916522	addons.webextension.screenshots@mozilla.org	WARN	Loading extension 'screenshots@mozilla.org': Reading manifest: Invalid extension permission: resource://pdf.js/
1569713916522	addons.webextension.screenshots@mozilla.org	WARN	Loading extension 'screenshots@mozilla.org': Reading manifest: Invalid extension permission: about:reader*
JavaScript error: resource://gre/modules/XULStore.jsm, line 66: Error: Can't find profile directory.
1569713918092	Marionette	INFO	Listening on port 54011
1569713918140	Marionette	WARN	TLS certificate errors will be ignored for this session
[Parent 18360, Gecko_IOThread] WARNING: pipe error: 109: file z:/task_1568728986/build/src/ipc/chromium/src/chrome/common/ipc_channel_win.cc, line 341
[Child 14996, Chrome_ChildThread] WARNING: pipe error: 109: file z:/task_1568728986/build/src/ipc/chromium/src/chrome/common/ipc_channel_win.cc, line 341
[Child 14996, Chrome_ChildThread] WARNING: pipe error: 109: file z:/task_1568728986/build/src/ipc/chromiu[Parent 18360, Gecko_IOThread] WARNING: pipe error: 109: file z:/task_1568728986/build/src/ipc/chromium/src/chrome/common/ipc_channel_win.cc, line 341
[Child 5084, Chrome_ChildThread] WARNING: pipe error: 109: file z:/task_1568728986/build/src/ipc/chromium/src/chrome/common/ipc_channel_win.cc, line 341
[Child 5084,1569714041869	Marionette	INFO	Stopped listening on port 54011

###!!! [Child][RunMessage] Error: Channel closing: too late to send/recv, messages will be lost

[GPU 7468, Chro
###!!! [Child][MessageChannel::SendAndWait] Error: Channel error: cannot send/recv

file directory.
1569714041587	Marionette	INFO	Listening on port 54202
1569714041652	Marionette	WARN	TLS certificate errors will be ignored for this session
[Child 4992, Chrome_ChildThread] WARNING: pipe error: 109: file z:/task_1568728986/build/src/ipc/chromium/src/chrome/common/ipc_channel_win.cc, line 341
[Child 4992, Chrome_ChildThread] WARNING: pipe error: 109: file z:/task_1568728986/build/src/ipc/chromium/src/chrome/common/ipc_channel_win.cc, line 341
[Parent 17492, Gecko_IOThread] WARNING: pipe error: 109: file z:/task_1568728986/build/src/ipc/chromium/src/chrome/common/ipc_channel_win.cc, line 341
[Child 13664, Chrome_ChildThread] WARNING: pipe error: 109: file z:/task_1568728986/build/src/ipc/chromium/src/chrome/common/ipc_channel_win.cc, line 341
[Child 13664, C1569714064067	Marionette	INFO	Stopped listening on port 54202

###!!! [Child][RunMessage] Error: Channel closing: too late to send/recv, messages will be lost

[GPU 17012, Chr
###!!! [Child][MessageChannel::SendAndWait] Error: Channel error: cannot send/recv

1569714067994	mozrunner::runner	INFO	Running command: "C:\\Program Files\\Mozilla Firefox\\firefox.exe" "-marionette" "-foreground" "-no-remote" "-profile" "C:\\Users\\katzc\\AppData\\Local\\Temp\\rust_mozprofile.f5bCMFgzF2iY"
1569714068394	addons.webextension.screenshots@mozilla.org	WARN	Loading extension 'screenshots@mozilla.org': Reading manifest: Invalid extension permission: mozillaAddons
1569714068394	addons.webextension.screenshots@mozilla.org	WARN	Loading extension 'screenshots@mozilla.org': Reading manifest: Invalid extension permission: telemetry
1569714068394	addons.webextension.screenshots@mozilla.org	WARN	Loading extension 'screenshots@mozilla.org': Reading manifest: Invalid extension permission: resource://pdf.js/
1569714068394	addons.webextension.screenshots@mozilla.org	WARN	Loading extension 'screenshots@mozilla.org': Reading manifest: Invalid extension permission: about:reader*
JavaScript error: resource://gre/modules/XULStore.jsm, line 66: Error: Can't find profile directory.
1569714069978	Marionette	INFO	Listening on port 54354
1569714070008	Marionette	WARN	TLS certificate errors will be ignored for this session
[Child 3052, Chrome_ChildThread] WARNING: pipe error: 109: file z:/task_1568728986/build/src/ipc/chromium/src/chrome/common/ipc_channel_win.cc, line 341
[Child 3052, Chrome_ChildThread] WARNING: pipe error: 109: file z:/task_1568728986/build/src/ipc/chromium/src/chrome/common/ipc_channel_win.cc, line 341
[Parent 17768, Gecko_IOThread] WARNING: pipe error: 109: file z:/task_1568728986/build/src/ipc/chromium/src/chrome/common/ipc_channel_win.cc, line 341
1569714182922	Marionette	INFO	Stopped listening on port 54354

###!!! [Child][RunMessage] Error: Channel closing: too late to send/recv, messages will be lost


###!!! [Child][MessageChannel::SendAndWait] Error: Channel error: cannot send/recv

mission: resource://pdf.js/
1569714135092	addons.webextension.screenshots@mozilla.org	WARN	Loading extension 'screenshots@mozilla.org': Reading manifest: Invalid extension permission: about:reader*
JavaScript error: resource://gre/modules/XULStore.jsm, line 66: Error: Can't find profile directory.
1569714136704	Marionette	INFO	Listening on port 54475
1569714136799	Marionette	WARN	TLS certificate errors will be ignored for this session
[Parent 18008, Gecko_IOThread] WARNING: pipe error: 109: file z:/task_1568728986/build/src/ipc/chromium/src/chrome/common/ipc_channel_win.cc, line 341
[Child 18236, Chrome_ChildThread] WARNING: pipe error: 109: file z:/task_1568728986/build/src/ipc/chromium/src/chrome/common/ipc_channel_win.cc, line 341
[Child 18236, Chrome_[Parent 18008, Gecko_IOThread] WARNING: pipe error: 109: file z:/task_1568728986/build/src/ipc/chromium/src/chrome/common/ipc_channel_win.cc, line 341
[Child 10304, Chrome_ChildThread] WARNING: pipe error: 109: file z:/task_1568728986/build/src/ipc/chromium/src/chrome/common/ipc_channel_win.cc, line 341
[Child 10304, Chrome_ChildThread] WARNING: pipe error: 109: file z:/task_1568728986/build/src/ipc1569714182998	Marionette	INFO	Stopped listening on port 54475

###!!! [Child][RunMessage] Error: Channel closing: too late to send/recv, messages will be lost

[GPU 5852, Chrome_
###!!! [Child][MessageChannel::SendAndWait] Error: Channel error: cannot send/recv

1569714187202	mozrunner::runner	INFO	Running command: "C:\\Program Files\\Mozilla Firefox\\firefox.exe" "-marionette" "-foreground" "-no-remote" "-profile" "C:\\Users\\katzc\\AppData\\Local\\Temp\\rust_mozprofile.Kqw4rcxF0ZJD"
1569714187602	addons.webextension.screenshots@mozilla.org	WARN	Loading extension 'screenshots@mozilla.org': Reading manifest: Invalid extension permission: mozillaAddons
1569714187602	addons.webextension.screenshots@mozilla.org	WARN	Loading extension 'screenshots@mozilla.org': Reading manifest: Invalid extension permission: telemetry
1569714187602	addons.webextension.screenshots@mozilla.org	WARN	Loading extension 'screenshots@mozilla.org': Reading manifest: Invalid extension permission: resource://pdf.js/
1569714187602	addons.webextension.screenshots@mozilla.org	WARN	Loading extension 'screenshots@mozilla.org': Reading manifest: Invalid extension permission: about:reader*
JavaScript error: resource://gre/modules/XULStore.jsm, line 66: Error: Can't find profile directory.
1569714189286	Marionette	INFO	Listening on port 54589
1569714189317	Marionette	WARN	TLS certificate errors will be ignored for this session
[Child 2180, Chrome_ChildThread] WARNING: pipe error: 109: file z:/task_1568728986/build/src/ipc/chromium/src/chrome/common/ipc_channel_win.cc, line 341
[Child 2180, Chrome_ChildThre[Child 15560, Chrome_ChildThread] WARNING: pipe error: 109: file z:/task_1568728986/build/src/ipc/chromium/src/chrome/common/ipc_channel_win.cc, line 341
[Child 155601569714201338	Marionette	INFO	Stopped listening on port 54589

###!!! [Child][RunMessage] Error: Channel closing: too late to send/recv, messages will be lost

[GPU 18016, Chr
###!!! [Child][MessageChannel::SendAndWait] Error: Channel error: cannot send/recv

1569714410732	mozrunner::runner	INFO	Running command: "C:\\Program Files\\Mozilla Firefox\\firefox.exe" "-marionette" "-foreground" "-no-remote" "-profile" "C:\\Users\\katzc\\AppData\\Local\\Temp\\rust_mozprofile.e8hRnwyina9b"
1569714411151	addons.webextension.screenshots@mozilla.org	WARN	Loading extension 'screenshots@mozilla.org': Reading manifest: Invalid extension permission: mozillaAddons
1569714411152	addons.webextension.screenshots@mozilla.org	WARN	Loading extension 'screenshots@mozilla.org': Reading manifest: Invalid extension permission: telemetry
1569714411152	addons.webextension.screenshots@mozilla.org	WARN	Loading extension 'screenshots@mozilla.org': Reading manifest: Invalid extension permission: resource://pdf.js/
1569714411152	addons.webextension.screenshots@mozilla.org	WARN	Loading extension 'screenshots@mozilla.org': Reading manifest: Invalid extension permission: about:reader*
JavaScript error: resource://gre/modules/XULStore.jsm, line 66: Error: Can't find profile directory.
1569714412855	Marionette	INFO	Listening on port 54945
1569714413349	Marionette	WARN	TLS certificate errors will be ignored for this session
JavaScript warning: https://e.mail.ru/messages/inbox/?back=1&afterReload=1 line 1053 > eval, line 1: Array.forEach is deprecated; use Array.prototype.forEach instead
IPDL protocol error: Handler returned error code!

###!!! [Parent][DispatchAsyncMessage] Error: PImageBridge::Msg_Update Processing error: message was deserialized, but the handler returned false (indicating failure)

IPDL protocol error: Handler returned error code!

###!!! [Parent][DispatchAsyncMessage] Error: PImageBridge::Msg_Update Processing error: message was deserialized, but the handler returned false (indicating failure)

[Child 12988, Chrome_ChildThread] WARNING: pipe error: 109: file z:/task_1568728986/build/src/ipc/chromium/src/chrome/common/ipc_channel_win.cc, line 341
[Child 12988, Chrome_ChildThre[Child 17592, Chrome_ChildThread] WARNING: pipe error: 109: file z:/task_1568728986/build/src/ipc/chromium/src/chrome/common/ipc_channel_win.cc, line 341
[Child 17592, Chrome_ChildThread] WARNING: pipe error: 10[Parent 10244, Gecko_IOThread] WARNING: pipe error: 109: file z:/task_1568728986/build/src/ipc/chromium/src/chrome/common/ipc_channel_win.cc, line 341
1569714441935	Marionette	INFO	Stopped listening on port 54945

###!!! [Child][RunMessage] Error: Channel closing: too late to send/recv, messages will be lost

[GPU 15452, Chrome_C
###!!! [Child][MessageChannel::SendAndWait] Error: Channel error: cannot send/recv

1569714478154	mozrunner::runner	INFO	Running command: "C:\\Program Files\\Mozilla Firefox\\firefox.exe" "-marionette" "-foreground" "-no-remote" "-profile" "C:\\Users\\katzc\\AppData\\Local\\Temp\\rust_mozprofile.c3ePwwwp8hAM"
1569714478572	addons.webextension.screenshots@mozilla.org	WARN	Loading extension 'screenshots@mozilla.org': Reading manifest: Invalid extension permission: mozillaAddons
1569714478572	addons.webextension.screenshots@mozilla.org	WARN	Loading extension 'screenshots@mozilla.org': Reading manifest: Invalid extension permission: telemetry
1569714478572	addons.webextension.screenshots@mozilla.org	WARN	Loading extension 'screenshots@mozilla.org': Reading manifest: Invalid extension permission: resource://pdf.js/
1569714478572	addons.webextension.screenshots@mozilla.org	WARN	Loading extension 'screenshots@mozilla.org': Reading manifest: Invalid extension permission: about:reader*
JavaScript error: resource://gre/modules/XULStore.jsm, line 66: Error: Can't find profile directory.
1569714480194	Marionette	INFO	Listening on port 55114
1569714480281	Marionette	WARN	TLS certificate errors will be ignored for this session
JavaScript warning: https://e.mail.ru/messages/inbox/?back=1&afterReload=1 line 1053 > eval, line 1: Array.forEach is deprecated; use Array.prototype.forEach instead
IPDL protocol error: Handler returned error code!

###!!! [Parent][DispatchAsyncMessage] Error: PLayerTransaction::Msg_ReleaseLayer Processing error: message was deserialized, but the handler returned false (indicating failure)

IPDL protocol error: Handler returned error code!

###!!! [Parent][DispatchAsyncMessage] Error: PLayerTransaction::Msg_ReleaseLayer Processing error: message was deserialized, but the handler returned false (indicating failure)

IPDL protocol error: Handler returned error code!

###!!! [Parent][DispatchAsyncMessage] Error: PLayerTransaction::Msg_ReleaseLayer Processing error: message was deserialized, but the handler returned false (indicating failure)

IPDL protocol error: Handler returned error code!

###!!! [Parent][DispatchAsyncMessage] Error: PLayerTransaction::Msg_ReleaseLayer Processing error: message was deserialized, but the handler returned false (indicating failure)

IPDL protocol error: Handler returned error code!

###!!! [Parent][DispatchAsyncMessage] Error: PLayerTransaction::Msg_ReleaseLayer Processing error: message was deserialized, but the handler returned false (indicating failure)

IPDL protocol error: Handler returned error code!

###!!! [Parent][DispatchAsyncMessage] Error: PLayerTransaction::Msg_ReleaseLayer Processing error: message was deserialized, but the handler returned false (indicating failure)

IPDL protocol error: Handler returned error code!

###!!! [Parent][DispatchAsyncMessage] Error: PLayerTransaction::Msg_ReleaseLayer Processing error: message was deserialized, but the handler returned false (indicating failure)

[Child 8180, Chrome_ChildThread] WARNING: pipe error: 109: file z:/task_1568728986/build/src/ipc/chromium/src/chrome/common/ipc_channel_win.cc, line 341

###!!! [Child][RunMessage] Error: Channel closing: too late to send/recv, messages will be lost

[Child 43
###!!! [Child][RunMessage] Error: Channel closing: too late to send/recv, messages will be lost

2[4Ch, Chrome_ChildThread] WARNING: pipe error: 109: file z:/task_1568728986/build/src/ipc/chromium/src/chrome/common/ipc_channel_win.cc, line 341
[Child 4324, Chrome1569714701563	Marionette	INFO	Stopped listening on port 55114

###!!! [Child][RunMessage] Error: Channel closing: too late to send/recv, messages will be lost

[GPU 16364, Chrom
###!!! [Child][MessageChannel::SendAndWait] Error: Channel error: cannot send/recv

ing: too late to send/recv, messages will be lost

sk_1568
###!!! [Child][RunMessage] Error: Channel closing: too late to send/recv, messages will be lost

728986/build/src/ipc/chromium/src/chr
###!!! [Child][RunMessage] Error: Channel closing: too late to send/recv, messages will be lost

ome/common/ipc_ch
###!!! [Child][MessageChannel] Error: (msgtype=0x54000E,name=PHttpChannel::Msg_DeletingChannel) Channel closing: too late to send/recv, messages will be lost

annel_win.cc, line 341
[Child 18360, Chrome_ChildThread] WARNING: pipe error: 109: file z:/task_1568728986/build/src/ipc/chromium/src/chrome/common/ipc_channel_win.cc, line 341
[Parent 4176, Gecko_IOThread] WARNING: pipe error: 109: file z:/task_1568728986/build/src/ipc/chromium/src/chrome/common/ipc_channel_win.cc, line 341
[Child 17588, Chrome_ChildThread] WARNING: pipe error: 109: file z:/task_1568728986/build/src/ipc/chromium/src/chrome/common/ipc_channel_win.cc, line 341
[Child 17588, Chrome_Ch1569714699267	Marionette	INFO	Stopped listening on port 55390

###!!! [Child][RunMessage] Error: Channel closing: too late to send/recv, messages will be lost

[GPU 3932, Chrome_Chi
###!!! [Child][MessageChannel::SendAndWait] Error: Channel error: cannot send/recv

JavaScript error: resource://gre/modules/osfile/osfile_async_front.jsm, line 426: Error: OS.File has been shut down. Rejecting post to stat
1569714731541	mozrunner::runner	INFO	Running command: "C:\\Program Files\\Mozilla Firefox\\firefox.exe" "-marionette" "-foreground" "-no-remote" "-profile" "C:\\Users\\katzc\\AppData\\Local\\Temp\\rust_mozprofile.3Ol7ORb5OTST"
1569714731961	addons.webextension.screenshots@mozilla.org	WARN	Loading extension 'screenshots@mozilla.org': Reading manifest: Invalid extension permission: mozillaAddons
1569714731961	addons.webextension.screenshots@mozilla.org	WARN	Loading extension 'screenshots@mozilla.org': Reading manifest: Invalid extension permission: telemetry
1569714731962	addons.webextension.screenshots@mozilla.org	WARN	Loading extension 'screenshots@mozilla.org': Reading manifest: Invalid extension permission: resource://pdf.js/
1569714731962	addons.webextension.screenshots@mozilla.org	WARN	Loading extension 'screenshots@mozilla.org': Reading manifest: Invalid extension permission: about:reader*
JavaScript error: resource://gre/modules/XULStore.jsm, line 66: Error: Can't find profile directory.
1569714733656	Marionette	INFO	Listening on port 55583
1569714733666	Marionette	WARN	TLS certificate errors will be ignored for this session
JavaScript warning: https://e.mail.ru/messages/inbox/?back=1&afterReload=1 line 1053 > eval, line 1: Array.forEach is deprecated; use Array.prototype.forEach instead
IPDL protocol error: Handler returned error code!

###!!! [Parent][DispatchAsyncMessage] Error: PImageBridge::Msg_Update Processing error: message was deserialized, but the handler returned false (indicating failure)

IPDL protocol error: Handler returned error code!

###!!! [Parent][DispatchAsyncMessage] Error: PImageBridge::Msg_Update Processing error: message was deserialized, but the handler returned false (indicating failure)

[Child 3296, Chrome_ChildThread] WARNING: pipe error: 109: file z:/task_1568728986/build/src/ipc/chromium/src/chrome/common/ipc_channel_win.cc, line 341
[Child 3296, Chrome_ChildT[Child 17516, Chrome_ChildThread] WARNING: pipe error: 109: file z:/task_1568728986/build/src/ipc/chromium/src/chrome/common/ipc_channel_win.cc, line 341
[Child 17516, Chrome_ChildThread] WARNING: p[Parent 18336, Gecko_IOThread] WARNING: pipe error: 109: file z:/task_1568728986/build/src/ipc/chromium/src/chrome/common/ipc_channel_win.cc, line 341
[Child 8500, Chrome_ChildThread] WARNING: pipe error: 109: file z:/task_1568728986/build/src/ipc/chromium/src/chrome/common/ipc_channel_win.cc, line 341
[Child 8500, Chrom1569715020566	Marionette	INFO	Stopped listening on port 55583
[GPU 12924, Chrom
###!!! [Child][MessageChannel::SendAndWait] Error: Channel error: cannot send/recv

nstead
[Child 17496, Chrome_ChildThread] WARNING: pipe error: 109: file z:/task_1568728986/build/src/ipc/chromium/src/chrome/common/ipc_channel_win.cc, line 341
[Child 17496, Chrome_ChildThread] WARNING: pipe error: 109: file z:/task_1568728986/build/src/ipc/chromium/src/chrome/common/ipc_channel_win.cc, line 341
[Child 3196, Chrome_ChildThread] WARNING: pipe error: 109: file z:/task_1568728986/build/src/ipc/chromium/src/chrome/common/ipc_channel_win.cc, line 341
[Child 3196, Chrome_ChildThread] WARNING: pipe error: 109: file z:[Child 10880, Chrome_ChildThread] WARNING: pipe error: 109: file z:/task_1568728986/build/src/ipc/chromium/src/chrome/common/ipc_channel_win.cc, line 341
[Child 10880, 1569715020158	Marionette	INFO	Stopped listening on port 55740
[GPU 16440, Chrome_ChildThrea
###!!! [Child][MessageChannel::SendAndWait] Error: Channel error: cannot send/recv

nsion permission: about:reader*
JavaScript error: resource://gre/modules/XULStore.jsm, line 66: Error: Can't find profile directory.
1569714887028	Marionette	INFO	Listening on port 56012
1569714887254	Marionette	WARN	TLS certificate errors will be ignored for this session
JavaScript warning: https://e.mail.ru/messages/inbox/?back=1&afterReload=1 line 1053 > eval, line 1: Array.forEach is deprecated; use Array.prototype.forEach instead
1569714957923	mozrunner::runner	INFO	Running command: "C:\\Program Files\\Mozilla Firefox\\firefox.exe" "-marionette" "-foreground" "-no-remote" "-profile" "C:\\Users\\katzc\\AppData\\Local\\Temp\\rust_mozprofile.zx8Jp2FrM2dU"
1569714958399	addons.webextension.screenshots@mozilla.org	WARN	Loading extension 'screenshots@mozilla.org': Reading manifest: Invalid extension permission: mozillaAddons
1569714958400	addons.webextension.screenshots@mozilla.org	WARN	Loading extension 'screenshots@mozilla.org': Reading manifest: Invalid extension permission: telemetry
1569714958400	addons.webextension.screenshots@mozilla.org	WARN	Loading extension 'screenshots@mozilla.org': Reading manifest: Invalid extension permission: resource://pdf.js/
1569714958400	addons.webextension.screenshots@mozilla.org	WARN	Loading extension 'screenshots@mozilla.org': Reading manifest: Invalid extension permission: about:reader*
JavaScript error: resource://gre/modules/XULStore.jsm, line 66: Error: Can't find profile directory.
1569714960398	Marionette	INFO	Listening on port 56237
1569714960546	Marionette	WARN	TLS certificate errors will be ignored for this session
JavaScript warning: https://e.mail.ru/messages/inbox/?back=1&afterReload=1 line 1053 > eval, line 1: Array.forEach is deprecated; use Array.prototype.forEach instead
[Parent 9560, Gecko_IOThread] WARNING: pipe error: 109: file z:/task_1568728986/build/src/ipc/chromium/src/chrome/common/ipc_channel_win.cc, line 341
[Parent 9560, Gecko_IOThread] WARNING: pipe error: 109: file z:/task_1568728986/build/src/ipc/chromium/src/chrome/common/ipc_channel_win.cc, line 341
[Child 18508, Chrome_ChildThread] WARNING: pipe error: 109: file z:/task_1568728986/build/src/ipc/chromium/src/chrome/common/ipc_channel_win.cc, line 341
[Child 18508, Chrom[Child 18684, Che_ChildThread] WrAoRme_ChildThread] WARNING: pipe error: N109: file z:/task_1568728986/build/src/ipc/chromium/src/chrome/common/ipc_channel_win.cc, line 341
[Child 18681569715827481	Marionette	INFO	Stopped listening on port 56237

###!!! [Child][RunMessage] Error: Channel closing: too late to send/recv, messages will be lost

[GPU 10664, Chrome_ChildThread] WARNING: pipe
###!!! [Child][MessageChannel::SendAndWait] Error: Channel error: cannot send/recv

ore.jsm, line 66: Error: Can't find profile directory.
1569715164004	Marionette	INFO	Listening on port 56585
1569715164421	Marionette	WARN	TLS certificate errors will be ignored for this session
JavaScript warning: https://e.mail.ru/messages/inbox/?back=1&afterReload=1 line 1053 > eval, line 1: Array.forEach is deprecated; use Array.prototype.forEach instead
1569715610685	mozrunner::runner	INFO	Running command: "C:\\Program Files\\Mozilla Firefox\\firefox.exe" "-marionette" "-foreground" "-no-remote" "-profile" "C:\\Users\\katzc\\AppData\\Local\\Temp\\rust_mozprofile.uvW2hMAnrV44"
1569715611105	addons.webextension.screenshots@mozilla.org	WARN	Loading extension 'screenshots@mozilla.org': Reading manifest: Invalid extension permission: mozillaAddons
1569715611106	addons.webextension.screenshots@mozilla.org	WARN	Loading extension 'screenshots@mozilla.org': Reading manifest: Invalid extension permission: telemetry
1569715611106	addons.webextension.screenshots@mozilla.org	WARN	Loading extension 'screenshots@mozilla.org': Reading manifest: Invalid extension permission: resource://pdf.js/
1569715611106	addons.webextension.screenshots@mozilla.org	WARN	Loading extension 'screenshots@mozilla.org': Reading manifest: Invalid extension permission: about:reader*
JavaScript error: resource://gre/modules/XULStore.jsm, line 66: Error: Can't find profile directory.
1569715612875	Marionette	INFO	Listening on port 57213
1569715613306	Marionette	WARN	TLS certificate errors will be ignored for this session
JavaScript warning: https://e.mail.ru/messages/inbox/?back=1&afterReload=1 line 1053 > eval, line 1: Array.forEach is deprecated; use Array.prototype.forEach instead
[Parent 17460, Gecko_IOThread] WARNING: pipe error: 109: file z:/task_1568728986/build/src/ipc/chromium/src/chrome/common/ipc_channel_win.cc, line 341
[Child 4792, Chrome_ChildThread] WARNING: pipe error: 109: file z:/task_1568728986/build/src/ipc/chromium/src/chrome/common/ipc_channel_win.cc, line 341
1569715827260	Marionette	INFO	Stopped listening on port 57213
[GPU 
###!!! [Child][RunMessage] Error: Channel closing: too late to send/recv, messages will be lost

19212, Chrome_Ch
###!!! [Child][MessageChannel::SendAndWait] Error: Channel error: cannot send/recv

1569715842413	mozrunner::runner	INFO	Running command: "C:\\Program Files\\Mozilla Firefox\\firefox.exe" "-marionette" "-foreground" "-no-remote" "-profile" "C:\\Users\\katzc\\AppData\\Local\\Temp\\rust_mozprofile.aGnoyd2RTRPC"
1569715842855	addons.webextension.screenshots@mozilla.org	WARN	Loading extension 'screenshots@mozilla.org': Reading manifest: Invalid extension permission: mozillaAddons
1569715842856	addons.webextension.screenshots@mozilla.org	WARN	Loading extension 'screenshots@mozilla.org': Reading manifest: Invalid extension permission: telemetry
1569715842856	addons.webextension.screenshots@mozilla.org	WARN	Loading extension 'screenshots@mozilla.org': Reading manifest: Invalid extension permission: resource://pdf.js/
1569715842856	addons.webextension.screenshots@mozilla.org	WARN	Loading extension 'screenshots@mozilla.org': Reading manifest: Invalid extension permission: about:reader*
JavaScript error: resource://gre/modules/XULStore.jsm, line 66: Error: Can't find profile directory.
1569715844557	Marionette	INFO	Listening on port 57663
1569715845034	Marionette	WARN	TLS certificate errors will be ignored for this session
JavaScript warning: https://e.mail.ru/messages/inbox/?back=1&afterReload=1 line 1053 > eval, line 1: Array.forEach is deprecated; use Array.prototype.forEach instead
[Child 17668, Chrome_ChildThread] WARNING: pipe error: 109: file z:/task_1568728986/build/src/ipc/chromium/src/chrome/common/ipc_channel_win.cc, line 341
[Parent 9648, Gecko_IOThread] WARNING: pipe error: 109: file z:/task_1568728986/build/src/ipc/chromium/src/chrome/common/ipc_channel_win.cc, line 341
[Child 18708, Chrome_ChildThread] WARNING: pipe error: 109: file z:/task_1568728986/build/src/ipc/chromium/src/chrome/commo[Parent 9648, Gecko_IOThread] WARNING: pipe error: 109: file z:/task_1568728986/build/src/ipc/chromium/src/chrome/common/ipc_channel_win.cc, line 341
1569716248590	Marionette	INFO	Stopped listening on port 57663
[GPU 18152, Chrom
###!!! [Child][RunMessage] Error: Channel closing: too late to send/recv, messages will be lost


###!!! [Child][MessageChannel::SendAndWait] Error: Channel error: cannot send/recv

Reading manifest: Invalid extension permission: about:reader*
JavaScript error: resource://gre/modules/XULStore.jsm, line 66: Error: Can't find profile directory.
1569715959457	Marionette	INFO	Listening on port 57903
1569715959474	Marionette	WARN	TLS certificate errors will be ignored for this session
JavaScript warning: https://e.mail.ru/messages/inbox/?back=1&afterReload=1 line 1053 > eval, line 1: Array.forEach is deprecated; use Array.prototype.forEach instead
[Parent 18160, Gecko_IOThread] WARNING: pipe error: 109: file z:/task_1568728986/build/src/ipc/chromium/src/chrome/common/ipc_channel_win.cc, line 341
IPDL protocol error: Handler returned error code!

###!!! [Parent][DispatchAsyncMessage] Error: PImageBridge::Msg_Update Processing error: message was deserialized, but the handler returned false (indicating failure)

IPDL protocol error: Handler returned error code!

###!!! [Parent][DispatchAsyncMessage] Error: PImageBridge::Msg_Update Processing error: message was deserialized, but the handler returned false (indicating failure)

IPDL protocol error: Handler returned error code!

###!!! [Parent][DispatchAsyncMessage] Error: PImageBridge::Msg_Update Processing error: message was deserialized, but the handler returned false (indicating failure)

[Parent 18160, Gecko_IOThread] WARNING: pipe error: 109: file z:/task_1568728986/build/src/ipc/chromium/src/chrome/common/ipc_channel_win.cc, line 341
1569716248927	Marionette	INFO	Stopped listening on port 57903

###!!! [Child][MessageChannel::SendAndWait] Error: Channel error: cannot send/recv

 will be ignored for this session
JavaScript warning: https://e.mail.ru/messages/inbox/?back=1&afterReload=1 line 1053 > eval, line 1: Array.forEach is deprecated; use Array.prototype.forEach instead
[Parent 17404, Gecko_IOThread] WARNING: pipe error: 109: file z:/task_1568728986/build/src/ipc/chromium/src/chrome/common/ipc_channel_win.cc, line 341
1569716248823	Marionette	INFO	Stopped listening on port 58118

###!!! [Child][MessageChannel::SendAndWait] Error: Channel error: cannot send/recv

sion 'screenshots@mozilla.org': Reading manifest: Invalid extension permission: mozillaAddons
1569716106808	addons.webextension.screenshots@mozilla.org	WARN	Loading extension 'screenshots@mozilla.org': Reading manifest: Invalid extension permission: telemetry
1569716106809	addons.webextension.screenshots@mozilla.org	WARN	Loading extension 'screenshots@mozilla.org': Reading manifest: Invalid extension permission: resource://pdf.js/
1569716106809	addons.webextension.screenshots@mozilla.org	WARN	Loading extension 'screenshots@mozilla.org': Reading manifest: Invalid extension permission: about:reader*
JavaScript error: resource://gre/modules/XULStore.jsm, line 66: Error: Can't find profile directory.
1569716109219	Marionette	INFO	Listening on port 58364
1569716109364	Marionette	WARN	TLS certificate errors will be ignored for this session
JavaScript warning: https://e.mail.ru/messages/inbox/?back=1&afterReload=1 line 1053 > eval, line 1: Array.forEach is deprecated; use Array.prototype.forEach instead
[Parent 15120, Gecko_IOThread] WARNING: pipe error: 109: file z:/task_1568728986/build/src/ipc/chromium/src/chrome/common/ipc_channel_win.cc, line 341
[Child 19676, Chrome_
###!!! [Child][RunMessage] Error: Channel closing: too late to send/recv, messages will be lost

ChildThread] WARNING: pipe error: 109: file z:/task_1568728986/build/src/ipc/chromium/src/chrome/common/ipc_channel_win.cc, line 341

###!!! [Child][RunMessage] Error: Channel closing: too late to send/recv, messages will be lost

[Child 19676, Chr
###!!! [Child][RunMessage] Error: Channel closing: too late to send/recv, messages will be lost

ome_ChildThread] WARNING: pipe erro1569716248451	Marionette	INFO	Stopped listening on port 58364

###!!! [Child][MessageChannel::SendAndWait] Error: Channel error: cannot send/recv

xtension 'screenshots@mozilla.org': Reading manifest: Invalid extension permission: about:reader*
JavaScript error: resource://gre/modules/XULStore.jsm, line 66: Error: Can't find profile directory.
1569716142798	Marionette	INFO	Listening on port 58551
1569716142841	Marionette	WARN	TLS certificate errors will be ignored for this session
JavaScript warning: https://e.mail.ru/messages/inbox/?back=1&afterReload=1 line 1053 > eval, line 1: Array.forEach is deprecated; use Array.prototype.forEach instead
IPDL protocol error: Handler returned error code!

###!!! [Parent][DispatchAsyncMessage] Error: PImageBridge::Msg_Update Processing error: message was deserialized, but the handler returned false (indicating failure)

IPDL protocol error: Handler returned error code!

###!!! [Parent][DispatchAsyncMessage] Error: PImageBridge::Msg_Update Processing error: message was deserialized, but the handler returned false (indicating failure)

IPDL protocol error: Handler returned error code!

###!!! [Parent][DispatchAsyncMessage] Error: PImageBridge::Msg_Update Processing error: message was deserialized, but the handler returned false (indicating failure)

IPDL protocol error: Handler returned error code!

###!!! [Parent][DispatchAsyncMessage] Error: PLayerTransaction::Msg_ReleaseLayer Processing error: message was deserialized, but the handler returned false (indicating failure)

IPDL protocol error: Handler returned error code!

###!!! [Parent][DispatchAsyncMessage] Error: PImageBridge::Msg_Update Processing error: message was deserialized, but the handler returned false (indicating failure)

IPDL protocol error: Handler returned error code!

###!!! [Parent][DispatchAsyncMessage] Error: PImageBridge::Msg_Update Processing error: message was deserialized, but the handler returned false (indicating failure)

[Parent 21284, Gecko_IOThread] WARNING: pipe error: 109: file z:/task_1568728986/build/src/ipc/chromium/src/chrome/common/ipc_channel_win.cc, line 341

###!!! [Child][RunMessage] Error: Channel closing: too late to send/recv, messages will be lost

[Parent 21284, Gecko_IOThread] WARNING: pipe error: 109: file z:/task_1568728986/build/src/ipc/chromium/src/chrome/common/ipc_channel_win.cc, line 341
[Child 20420, Chrome_ChildThread] WARNING: pipe error: 109: file z:/task_1568728986/build/src/ipc/chromium/src/chrome/common/ipc_channel_win.cc, line 341
[Child 20420, Chrome1569716248596	Marionette	INFO	Stopped listening on port 58551

###!!! [Child][MessageChannel::SendAndWait] Error: Channel error: cannot send/recv

sage] Error: PImageBridge::Msg_Update Processing error: message was deserialized, but the handler returned false (indicating failure)

[Parent 21020, Gecko_IOThread] WARNING: pipe error: 109: file z:/task_1568728986/build/src/ipc/chromium/src/chrome/common/ipc_channel_win.cc, line 341
1569716248632	Marionette	INFO	Stopped listening on port 58842

###!!! [Child][MessageChannel::SendAndWait] Error: Channel error: cannot send/recv

1569716256211	mozrunner::runner	INFO	Running command: "C:\\Program Files\\Mozilla Firefox\\firefox.exe" "-marionette" "-foreground" "-no-remote" "-profile" "C:\\Users\\katzc\\AppData\\Local\\Temp\\rust_mozprofile.NMnEgPA1Y438"
1569716256702	addons.webextension.screenshots@mozilla.org	WARN	Loading extension 'screenshots@mozilla.org': Reading manifest: Invalid extension permission: mozillaAddons
1569716256703	addons.webextension.screenshots@mozilla.org	WARN	Loading extension 'screenshots@mozilla.org': Reading manifest: Invalid extension permission: telemetry
1569716256703	addons.webextension.screenshots@mozilla.org	WARN	Loading extension 'screenshots@mozilla.org': Reading manifest: Invalid extension permission: resource://pdf.js/
1569716256703	addons.webextension.screenshots@mozilla.org	WARN	Loading extension 'screenshots@mozilla.org': Reading manifest: Invalid extension permission: about:reader*
JavaScript error: resource://gre/modules/XULStore.jsm, line 66: Error: Can't find profile directory.
1569716258466	Marionette	INFO	Listening on port 59090
1569716258832	Marionette	WARN	TLS certificate errors will be ignored for this session
JavaScript warning: https://e.mail.ru/messages/inbox/?back=1&afterReload=1 line 1053 > eval, line 1: Array.forEach is deprecated; use Array.prototype.forEach instead
IPDL protocol error: Handler returned error code!

###!!! [Parent][DispatchAsyncMessage] Error: PLayerTransaction::Msg_ReleaseLayer Processing error: message was deserialized, but the handler returned false (indicating failure)

[Parent 23044, Gecko_IOThread] WARNING: pipe error: 109: file z:/task_1568728986/build/src/ipc/chromium/src/chrome/common/ipc_channel_win.cc, line 341
[Child 21592, Chrome_ChildThread] WARNING: pipe error: 109: file z:/task_1568728986/build/src/ipc/chromium/src/chrome/common/ipc_channel_win.cc, line 341
[Child 21592, Chrome_ChildThread] WARNING: pipe[Child 17320, Chrome_ChildThread] WARNING: pipe error: 109: file z:/task_1568728986/build/src/ipc/chromium/src/chrome/common/ipc_channel_win.cc, line 341
[Child 17320, Chrome_Chil[Parent 23044, Gecko_IOThread] WARNING: pipe error: 109: file z:/task_1568728986/build/src/ipc/chromium/src/chrome/common/ipc_channel_win.cc, line 341
1569716390383	Marionette	INFO	Stopped listening on port 59090

###!!! [Child][RunMessage] Error: Channel closing: too late to send/recv, messages will be lost

[GPU 23060, Chrom
###!!! [Child][MessageChannel::SendAndWait] Error: Channel error: cannot send/recv

il.ru/messages/inbox/?back=1&afterReload=1 line 1053 > eval, line 1: Array.forEach is deprecated; use Array.prototype.forEach instead

###!!! [Child][MessageChannel] Error: (msgtype=0x610027,name=PNecko::Msg_RemoveRequestContext) Channel closing: too late to send/recv, messages will be lost

[Child 15332, Chrome_ChildThread] WA[Parent 19348, Gecko_IOThread] WARNING: pipe error: 109: file z:/task_1568728986/build/src/ipc/chromium/src/chrome/common/ipc_channel_win.cc, line 341
1569716387028	Marionette	INFO	Stopped listening on port 59270
[GPU 1044, Chrome_ChildThread] WARNING: pipe error: 109: file 
###!!! [Child][RunMessage] Error: Channel closing: too late to send/recv, messages will be lost


###!!! [Child][MessageChannel::SendAndWait] Error: Channel error: cannot send/recv

1569716439807	mozrunner::runner	INFO	Running command: "C:\\Program Files\\Mozilla Firefox\\firefox.exe" "-marionette" "-foreground" "-no-remote" "-profile" "C:\\Users\\katzc\\AppData\\Local\\Temp\\rust_mozprofile.C2a94hHeolmg"
1569716440254	addons.webextension.screenshots@mozilla.org	WARN	Loading extension 'screenshots@mozilla.org': Reading manifest: Invalid extension permission: mozillaAddons
1569716440254	addons.webextension.screenshots@mozilla.org	WARN	Loading extension 'screenshots@mozilla.org': Reading manifest: Invalid extension permission: telemetry
1569716440254	addons.webextension.screenshots@mozilla.org	WARN	Loading extension 'screenshots@mozilla.org': Reading manifest: Invalid extension permission: resource://pdf.js/
1569716440254	addons.webextension.screenshots@mozilla.org	WARN	Loading extension 'screenshots@mozilla.org': Reading manifest: Invalid extension permission: about:reader*
JavaScript error: resource://gre/modules/XULStore.jsm, line 66: Error: Can't find profile directory.
1569716441932	Marionette	INFO	Listening on port 59547
1569716442429	Marionette	WARN	TLS certificate errors will be ignored for this session
JavaScript warning: https://e.mail.ru/messages/inbox/?back=1&afterReload=1 line 1053 > eval, line 1: Array.forEach is deprecated; use Array.prototype.forEach instead
1569716580644	mozrunner::runner	INFO	Running command: "C:\\Program Files\\Mozilla Firefox\\firefox.exe" "-marionette" "-foreground" "-no-remote" "-profile" "C:\\Users\\katzc\\AppData\\Local\\Temp\\rust_mozprofile.gOBWhtZWRkOL"
1569716581102	addons.webextension.screenshots@mozilla.org	WARN	Loading extension 'screenshots@mozilla.org': Reading manifest: Invalid extension permission: mozillaAddons
1569716581102	addons.webextension.screenshots@mozilla.org	WARN	Loading extension 'screenshots@mozilla.org': Reading manifest: Invalid extension permission: telemetry
1569716581103	addons.webextension.screenshots@mozilla.org	WARN	Loading extension 'screenshots@mozilla.org': Reading manifest: Invalid extension permission: resource://pdf.js/
1569716581103	addons.webextension.screenshots@mozilla.org	WARN	Loading extension 'screenshots@mozilla.org': Reading manifest: Invalid extension permission: about:reader*
JavaScript error: resource://gre/modules/XULStore.jsm, line 66: Error: Can't find profile directory.
1569716582880	Marionette	INFO	Listening on port 59801
1569716583271	Marionette	WARN	TLS certificate errors will be ignored for this session
JavaScript warning: https://e.mail.ru/messages/inbox/?back=1&afterReload=1 line 1053 > eval, line 1: Array.forEach is deprecated; use Array.prototype.forEach instead
1569716653624	mozrunner::runner	INFO	Running command: "C:\\Program Files\\Mozilla Firefox\\firefox.exe" "-marionette" "-foreground" "-no-remote" "-profile" "C:\\Users\\katzc\\AppData\\Local\\Temp\\rust_mozprofile.aw24BFBjz5mY"
1569716654058	addons.webextension.screenshots@mozilla.org	WARN	Loading extension 'screenshots@mozilla.org': Reading manifest: Invalid extension permission: mozillaAddons
1569716654058	addons.webextension.screenshots@mozilla.org	WARN	Loading extension 'screenshots@mozilla.org': Reading manifest: Invalid extension permission: telemetry
1569716654058	addons.webextension.screenshots@mozilla.org	WARN	Loading extension 'screenshots@mozilla.org': Reading manifest: Invalid extension permission: resource://pdf.js/
1569716654058	addons.webextension.screenshots@mozilla.org	WARN	Loading extension 'screenshots@mozilla.org': Reading manifest: Invalid extension permission: about:reader*
JavaScript error: resource://gre/modules/XULStore.jsm, line 66: Error: Can't find profile directory.
1569716655822	Marionette	INFO	Listening on port 59990
1569716656243	Marionette	WARN	TLS certificate errors will be ignored for this session
JavaScript warning: https://e.mail.ru/messages/inbox/?back=1&afterReload=1 line 1053 > eval, line 1: Array.forEach is deprecated; use Array.prototype.forEach instead
[Child 17864, Chrome_ChildThread] WARNING: pipe error: 109: file z:/task_1568728986/build/src/ipc/chromium/src/chrome/com[Child m186on/ip7c2, Chrome__CchildThrehaadn]n eWlA_RNING: pwin.cc, line 3i4p1
e error: 109: file z:/task_1568728[Ch9ild 861/build/src7/ipc/chromium/src/chrome/common/ipc_channel_win.cc, line 341
[Child 18672, Chrome_ChildThr[Parent 23220, Gecko_IOThread] WARNING: pipe error: 109: file z:/task_1568728986/build/src/ipc/chromium/src/chrome/common/ipc_channel_win.cc, line 341
[Child 23040, Chrome_ChildThread] WARNING: pipe error: 109: file z:/task_1568728986/build/src/ipc/chromium/src/chrome/common/ipc_channel_win.cc, line 341
[Child 21569717177572	Marionette	INFO	Stopped listening on port 59990

###!!! [Child][RunMessage] Error: Channel closing: too late to send/recv, messages will be lost

[GPU 11692, Chrome_ChildThr
###!!! [Child][MessageChannel::SendAndWait] Error: Channel error: cannot send/recv

re/modules/XULStore.jsm, line 66: Error: Can't find profile directory.
1569716684445	Marionette	INFO	Listening on port 60150
1569716684758	Marionette	WARN	TLS certificate errors will be ignored for this session
JavaScript warning: https://e.mail.ru/messages/inbox/?back=1&afterReload=1 line 1053 > eval, line 1: Array.forEach is deprecated; use Array.prototype.forEach instead
IPDL protocol error: Handler returned error code!

###!!! [Parent][DispatchAsyncMessage] Error: PImageBridge::Msg_Update Processing error: message was deserialized, but the handler returned false (indicating failure)

IPDL protocol error: Handler returned error code!

###!!! [Parent][DispatchAsyncMessage] Error: PImageBridge::Msg_Update Processing error: message was deserialized, but the handler returned false (indicating failure)

[Parent 22784, Gecko_IOThread] WARNING: pipe error: 109: file z:/task_1568728986/build/src/ipc/chromium/src/chrome/common/ipc_channel_win.cc, line 341
[Child 16044, Chrome_ChildThread] WARNING: pipe error: 109: file z:/task_1568728986/build/src/ipc/chromium/src/chrome/common/ipc_channel_win.cc, line 341
[Child 16044, Chrome_ChildThread] WARNING: pipe error: 109:[Child 16364, Chrome_ChildThread] WARNING: pipe error: 109: file z:/task_1568728986/build/src/ipc/chromium/src/chrome/common/ipc_channel_win.cc, line 341
[Child 16364, Chrome_ChildThread] WARNING: pipe error: 109: file z:/task_1568728986/build/src/ipc/chromium/src/chrome/common/ipc_channel_win.cc, line 341
1569716704862	Marionette	INFO	Stopped listening on port 60150

###!!! [Child][RunMessage] Error: Channel closing: too late to send/recv, messages will be lost

[GPU 18448
###!!! [Child][MessageChannel::SendAndWait] Error: Channel error: cannot send/recv

1569716759562	mozrunner::runner	INFO	Running command: "C:\\Program Files\\Mozilla Firefox\\firefox.exe" "-marionette" "-foreground" "-no-remote" "-profile" "C:\\Users\\katzc\\AppData\\Local\\Temp\\rust_mozprofile.ermV1LKoPs99"
1569716760036	addons.webextension.screenshots@mozilla.org	WARN	Loading extension 'screenshots@mozilla.org': Reading manifest: Invalid extension permission: mozillaAddons
1569716760036	addons.webextension.screenshots@mozilla.org	WARN	Loading extension 'screenshots@mozilla.org': Reading manifest: Invalid extension permission: telemetry
1569716760037	addons.webextension.screenshots@mozilla.org	WARN	Loading extension 'screenshots@mozilla.org': Reading manifest: Invalid extension permission: resource://pdf.js/
1569716760037	addons.webextension.screenshots@mozilla.org	WARN	Loading extension 'screenshots@mozilla.org': Reading manifest: Invalid extension permission: about:reader*
JavaScript error: resource://gre/modules/XULStore.jsm, line 66: Error: Can't find profile directory.
1569716761894	Marionette	INFO	Listening on port 60348
1569716762196	Marionette	WARN	TLS certificate errors will be ignored for this session
JavaScript warning: https://e.mail.ru/messages/inbox/?back=1&afterReload=1 line 1053 > eval, line 1: Array.forEach is deprecated; use Array.prototype.forEach instead
IPDL protocol error: Handler returned error code!

###!!! [Parent][DispatchAsyncMessage] Error: PImageBridge::Msg_Update Processing error: message was deserialized, but the handler returned false (indicating failure)

IPDL protocol error: Handler returned error code!

###!!! [Parent][DispatchAsyncMessage] Error: PImageBridge::Msg_Update Processing error: message was deserialized, but the handler returned false (indicating failure)

IPDL protocol error: Handler returned error code!

###!!! [Parent][DispatchAsyncMessage] Error: PImageBridge::Msg_Update Processing error: message was deserialized, but the handler returned false (indicating failure)

[Child 17812[Child 18520, Chrome_ChildThread] WARNING: pipe error: 109: file z:/task_1568728986/build/src/ipc/chromium/src/chrome/common/ipc_channel_win.cc, line 341
[Child 181569717177816	Marionette	INFO	Stopped listening on port 60348

###!!! [Child][RunMessage] Error: Channel closing: too late to send/recv, messages will be lost

[GPU 6284, Chrome_ChildTh
###!!! [Child][MessageChannel::SendAndWait] Error: Channel error: cannot send/recv

rs will be ignored for this session
[Parent 17640, Gecko_IOThread] WARNING: pipe error: 109: file z:/task_1568728986/build/src/ipc/chromium/src/chrome/common/ipc_channel_win.cc, line 341
[Parent 17640, Gecko_IOThread] WARNING: pipe error: 109: file z:/task_1568728986/build/src/ipc/chromium/src/chrome/common/ipc_channel_win.cc, line 341
[Child 18548, Chrome_ChildThread] WARNING: pipe error: 109: file z:/task_1568728986/build/src/ipc
###!!! [Child][MessageChannel] Error: (msgtype=0x360106,name=PContent::Msg_AccumulateChildHistograms) Channel closing: too late to send/recv, messages will be lost

/ch
###!!! [Child][MessageChannel] Error: (msgtype=0x36010B,name=PContent::Msg_RecordDiscardedData) Channel closing: too late to send/recv, messages will be lost

romium/src/chrome/common/ipc_channel_wi[Child 18924, Chrome_ChildThread] WARNING: pipe error: 109: file z:/task_1568728986/build/src/ipc/chromium/src/chrome/common/ipc_channel_win.cc, line 341
[Child 18924, Chrome_ChildThread] WARNING: pipe error: 109: file z:/task_1568728986/build/src/ipc/chromiun.cc, line 341
[Child 18548, Chrome_ChildThread] WARNING: pipe err[Parent 17640, Gecko_IOThread] WARNING: pipe error: 109: file z:/task_1568728986/build/src/ipc/chromium/src/chrome/common/ipc_channel_win.cc, line 341
1569716980677	Marionette	INFO	Stopped listening on port 60731
[GP
###!!! [Child][RunMessage] Error: Channel closing: too late to send/recv, messages will be lost

U
###!!! [Child][MessageChannel::SendAndWait] Error: Channel error: cannot send/recv

1569717098567	mozrunner::runner	INFO	Running command: "C:\\Program Files\\Mozilla Firefox\\firefox.exe" "-marionette" "-foreground" "-no-remote" "-profile" "C:\\Users\\katzc\\AppData\\Local\\Temp\\rust_mozprofile.nhPrxdLTGGf5"
1569717099019	addons.webextension.screenshots@mozilla.org	WARN	Loading extension 'screenshots@mozilla.org': Reading manifest: Invalid extension permission: mozillaAddons
1569717099019	addons.webextension.screenshots@mozilla.org	WARN	Loading extension 'screenshots@mozilla.org': Reading manifest: Invalid extension permission: telemetry
1569717099019	addons.webextension.screenshots@mozilla.org	WARN	Loading extension 'screenshots@mozilla.org': Reading manifest: Invalid extension permission: resource://pdf.js/
1569717099019	addons.webextension.screenshots@mozilla.org	WARN	Loading extension 'screenshots@mozilla.org': Reading manifest: Invalid extension permission: about:reader*
JavaScript error: resource://gre/modules/XULStore.jsm, line 66: Error: Can't find profile directory.
1569717100731	Marionette	INFO	Listening on port 60976
1569717101200	Marionette	WARN	TLS certificate errors will be ignored for this session
JavaScript warning: https://e.mail.ru/messages/inbox/?back=1&afterReload=1 line 1053 > eval, line 1: Array.forEach is deprecated; use Array.prototype.forEach instead
[Parent 15472, Gecko_IOThread] WARNING: pipe error: 109: file z:/task_1568728986/build/src/ipc/chromium/src/chrome/common/ipc_channel_win.cc, line 341
[Child 18596, Chrome_ChildThread] WARNING: pipe error: 109: file z:/task_1568728986/build/src/ipc/chromium/src/chrome/common/ipc_channel_win.cc, line 341
[Child 18596, Chrome_ChildThread] WARNING: pipe error: 109: file z:/task_1568728986/build/src/ipc/chromium/src/chrome/common/ipc_channel_win.cc, line 341
[Parent 15472, Gecko_IOThread] WARNING: pipe error: 109: file z:/task_1568728986/build/src/ipc/chromium/src/chrome/common/ipc_channel_win.cc, line 341
[Child 22296, Chrome_ChildThread] WARNING: pipe error: 109: file z:/task_1568728986/build/src/ipc/chromium/src/chrome/common/ipc_channel_win.cc, line 341
[Child 22296, Chrome_ChildThread] WARNING: pipe error: 109: file z:/task_1568728986/build/src/ipc/chromium/src/chrome/common/ipc_channel_win.cc, line 341

###!!! [Child][RunMessage] Error: Channel closing: too late to send/recv, messages will be lost


###!!! [Child][RunMessage] Error: Channel closing: too late to send/recv, messages will be lost

1569717893591	Marionette	INFO	Stopped listening on port 60976

###!!! [Child][RunMessage] Error: Channel closing: too late to send/recv, messages will be lost


###!!! [Child][MessageChannel::SendAndWait] Error: Channel error: cannot send/recv

109: file z:/task_1568728986/build/src/ipc/chromium/src/chrome/common/ipc_channel_win.cc, line 341
[Child 3464, Chrome_ChildThread] WARNING: pipe error: 109: file z:/task_1568728986/build/src/ipc/chromium/src/chrome/common/ipc_channel_win.cc, line 341
[Parent 17680, Gecko_IOThread] WARNING: pipe error: 109: file z:/task_1568728986/build/src/ipc/chromium/src/chrome/common/ipc_channel_win.cc, line 341
[Child 22556, Chrome_ChildThread] WARNING: pipe error: 109: file z:/task_1568728986/build/src/ipc/chromium/src/chrome/common/ipc_channel_win.cc, line 341
[Child 22556, Chrome_ChildThread] WARNING: pipe error: 109: file z:/task_1568728986/build/src/ipc/chromium/src/chrome/common/ipc_channel_win.cc, line 341
1569717893786	Marionette	INFO	Stopped listening on port 61254

###!!! [Child][RunMessage] Error: Channel closing: too late to send/recv, messages will be lost

[GPU 7808, Chrome
###!!! [Child][MessageChannel::SendAndWait] Error: Channel error: cannot send/recv

NFO	Listening on port 61510
1569717331839	Marionette	WARN	TLS certificate errors will be ignored for this session
JavaScript warning: https://e.mail.ru/messages/inbox/?back=1&afterReload=1 line 1053 > eval, line 1: Array.forEach is deprecated; use Array.prototype.forEach instead
[Parent 18680, Gecko_IOThread] WARNING: pipe error: 109: file z:/task_1568728986/build/src/ipc/chromium/src/chrome/common/ipc_channel_win.cc, line 341
[Parent 18680, Gecko_IOThread] WARNING: pipe error: 109: file z:/task_1568728986/build/src/ipc/chromium/src/chrome/common/ipc_channel_win.cc, line 341
[Child 8364, Chrome_ChildThread] WARNING: pipe error: 109: file z:/task_1568728986/build/src/ipc/chromium/src/chrome/common/ipc_channel_win.cc, line 341
[Parent 18680, Gecko_IOThread] WARNING: pipe error: 109: file z:/task_1568728986/build/src/ipc/chromium/src/chrome/common/ipc_channel_win.cc, line 341
[Child 22652, Chrome_ChildThread] WARNING: pipe error: 109: file z:/task_1568728986/build/src/ipc/chromium/src/chrome/common/ipc_channel_win.cc, line 341
[Child 22652, Ch1569717894250	Marionette	INFO	Stopped listening on port 61510

###!!! [Child][RunMessage] Error: Channel closing: too late to send/recv, messages will be lost

[GPU 10864, Chrome_
###!!! [Child][MessageChannel::SendAndWait] Error: Channel error: cannot send/recv

ut:reader*
JavaScript error: resource://gre/modules/XULStore.jsm, line 66: Error: Can't find profile directory.
1569717493453	Marionette	INFO	Listening on port 61919
1569717493622	Marionette	WARN	TLS certificate errors will be ignored for this session
JavaScript warning: https://e.mail.ru/messages/inbox/?back=1&afterReload=1 line 1053 > eval, line 1: Array.forEach is deprecated; use Array.prototype.forEach instead
[Child 21516, Chrome_ChildThread] WARNING: pipe error: 109: file z:/task_1568728986/build/src/ipc/chromium/src/chrome/common/ipc_channel_win.cc, line 341
[Child 21516, Chrome_Ch[Child 16604, Chrome_ChildThread] WARNING: pipe error: 109: file z:/task_1568728986/build/src/ipc/chromium/src/chrome/common/ipc_channel_win.cc, line 341
[Child 16604, Chrome_ChildThread] WARNING: pipe error: 109: file z:/task_1568728986/build/src/ipc/chromium/src/chrome/common/ipc_channel_win.cc, line 341
[Parent 16600, Gecko_IOThread] WARNING: pipe error: 109: file z:/task_1568728986/build/src/ipc/chromium/src/chrome/common/ipc_channel_win.cc, line 341
[Child 20300, Chrome_ChildThread] WARNING: pipe error: 109: file z:/task_1568728986/build/src/ipc/chromium/src/chrome/common/ipc_channel_win.cc, line 341
[Child 20300, 1569717894661	Marionette	INFO	Stopped listening on port 61919
[G
###!!! [Child][RunMessage] Error: Channel closing: too late to send/recv, messages will be lost

PU 2188
###!!! [Child][MessageChannel::SendAndWait] Error: Channel error: cannot send/recv

569717570659	Marionette	WARN	TLS certificate errors will be ignored for this session
JavaScript warning: https://e.mail.ru/messages/inbox/?back=1&afterReload=1 line 1053 > eval, line 1: Array.forEach is deprecated; use Array.prototype.forEach instead
[Child 20700, Chrome_ChildThread] WARNING: pipe error: 109: file1569718333808	Marionette	INFO	Stopped listening on port 62188

###!!! [Child][RunMessage] Error: Channel closing: too late to send/recv, messages will be lost

[GPU 18628, Chrome_Chi
###!!! [Child][MessageChannel::SendAndWait] Error: Channel error: cannot send/recv

ding manifest: Invalid extension permission: mozillaAddons
1569717648367	addons.webextension.screenshots@mozilla.org	WARN	Loading extension 'screenshots@mozilla.org': Reading manifest: Invalid extension permission: telemetry
1569717648367	addons.webextension.screenshots@mozilla.org	WARN	Loading extension 'screenshots@mozilla.org': Reading manifest: Invalid extension permission: resource://pdf.js/
1569717648367	addons.webextension.screenshots@mozilla.org	WARN	Loading extension 'screenshots@mozilla.org': Reading manifest: Invalid extension permission: about:reader*
JavaScript error: resource://gre/modules/XULStore.jsm, line 66: Error: Can't find profile directory.
1569717650672	Marionette	INFO	Listening on port 62471
1569717650890	Marionette	WARN	TLS certificate errors will be ignored for this session
JavaScript warning: https://e.mail.ru/messages/inbox/?back=1&afterReload=1 line 1053 > eval, line 1: Array.forEach is deprecated; use Array.prototype.forEach instead
[Child 18100, Chrome_ChildThread] WARNING: pipe error: 109: file z:/task_1568728986/build/src/ipc/chromium/src/chrome/common/ipc_channel_win.cc, line 341
[Child 181[Child 22284, Chrome_ChildThread] WARNING: pipe error: 109: file z:/task_1568728986/build/src/ipc/chromium/src/chrome/common/ipc_channel_win.cc, line 341
[Child 22284, Chrome_ChildThread] WARNING: pipe error: 109: file z:/task_1568728986/build/src/ipc/chromium/src/chrome/common/ipc_channel_win.cc, line 341

###!!! [Child][RunMessage] Error: Channel closing: too late to send/recv, messages will be lost


###!!! [Child][RunMessage] Error: Channel closing: too late to send/recv, messages will be lost

1569717892260	Marionette	INFO	Stopped listening on port 62471

###!!! [Child][RunMessage] Error: Channel closing: too late to send/recv, messages will be lost

[GPU 19540, Chrom
###!!! [Child][MessageChannel::SendAndWait] Error: Channel error: cannot send/recv

odules/XULStore.jsm, line 66: Error: Can't find profile directory.
1569717777947	Marionette	INFO	Listening on port 62886
1569717778163	Marionette	WARN	TLS certificate errors will be ignored for this session
JavaScript warning: https://e.mail.ru/messages/inbox/?back=1&afterReload=1 line 1053 > eval, line 1: Array.forEach is deprecated; use Array.prototype.forEach instead
[Child 21604, Chrome_ChildThread] WARNING: pipe error: 109: file z:/task_1568728986/build/src/ipc/chromium/src/chrome/common/ipc_channel_win.cc, line 341
[Child 216[Child 20308, Chrome_ChildThread] WARNING: pipe error: 109: file z:/task_1568728986/build/src/ipc/chromium/src/chrome/common/ipc_channel_win.cc, line 341

###!!! [Child][RunMessage] Error: Channel closing: too late to send/recv, messages will be lost


###!!! [Child][RunMessage] Error: Channel closing: too late to send/recv, messages will be lost


###!!! [Child][RunMessage] Error: Channel closing: too late to send/recv, messages will be lost

[Child 20308, Chrome_ChildThread] WARNING: pipe error: 109[Parent 18184, Gecko_IOThread] WARNING: pipe error: 109: file z:/task_1568728986/build/src/ipc/chromium/src/chrome/common/ipc_channel_win.cc, line 341
[Child 19188, Chrome_ChildThread] WARNING: pipe error: 109: file z:/task_1568728986/build/src/ipc/chromium/src/chrome/common/ipc_channel_win.cc, line 341
[Child 19181569717891449	Marionette	INFO	Stopped listening on port 62886

###!!! [Child][RunMessage] Error: Channel closing: too late to send/recv, messages will be lost

[GPU 17044, Chrom
###!!! [Child][MessageChannel::SendAndWait] Error: Channel error: cannot send/recv

1569717925103	mozrunner::runner	INFO	Running command: "C:\\Program Files\\Mozilla Firefox\\firefox.exe" "-marionette" "-foreground" "-no-remote" "-profile" "C:\\Users\\katzc\\AppData\\Local\\Temp\\rust_mozprofile.Gn6ntGhlR3rK"
1569717925594	addons.webextension.screenshots@mozilla.org	WARN	Loading extension 'screenshots@mozilla.org': Reading manifest: Invalid extension permission: mozillaAddons
1569717925595	addons.webextension.screenshots@mozilla.org	WARN	Loading extension 'screenshots@mozilla.org': Reading manifest: Invalid extension permission: telemetry
1569717925595	addons.webextension.screenshots@mozilla.org	WARN	Loading extension 'screenshots@mozilla.org': Reading manifest: Invalid extension permission: resource://pdf.js/
1569717925595	addons.webextension.screenshots@mozilla.org	WARN	Loading extension 'screenshots@mozilla.org': Reading manifest: Invalid extension permission: about:reader*
JavaScript error: resource://gre/modules/XULStore.jsm, line 66: Error: Can't find profile directory.
1569717927403	Marionette	INFO	Listening on port 63385
1569717927726	Marionette	WARN	TLS certificate errors will be ignored for this session
JavaScript warning: https://e.mail.ru/messages/inbox/?back=1&afterReload=1 line 1053 > eval, line 1: Array.forEach is deprecated; use Array.prototype.forEach instead
[Parent 18068, Gecko_IOThread] WARNING: pipe error: 109: file z:/task_1568728986/build/src/ipc/chromium/src/chrome/common/ipc_channel_win.cc, line 341
[Child 19808, Chrome_ChildThread] WARNING: pipe error: 109: file z:/task_1568728986/build/src/ipc/chromium/src/chrome/common/ipc_channel_win.cc, line 341
[Child 19808, Chrome_ChildThread] WARNING: pipe error: 109: file z:/task_1568728986/build/src/ipc/chromium/src/chrome/[Child 22952, Chrome_ChildThread] WARNING: pipe error: 109: file z:/task_1568728986/build/src/ipc/chromium/src/chrome/common/ipc_channel_win.cc, line 341
[Child 22952, Chrome_ChildThread] WARNING: pipe err1569718333114	Marionette	INFO	Stopped listening on port 63385

###!!! [Child][RunMessage] Error: Channel closing: too late to send/recv, messages will be lost

[GPU 192
###!!! [Child][MessageChannel::SendAndWait] Error: Channel error: cannot send/recv

sion: about:reader*
JavaScript error: resource://gre/modules/XULStore.jsm, line 66: Error: Can't find profile directory.
1569717963288	Marionette	INFO	Listening on port 63546
1569717963518	Marionette	WARN	TLS certificate errors will be ignored for this session
JavaScript warning: https://e.mail.ru/messages/inbox/?back=1&afterReload=1 line 1053 > eval, line 1: Array.forEach is deprecated; use Array.prototype.forEach instead
IPDL protocol error: Handler returned error code!

###!!! [Parent][DispatchAsyncMessage] Error: PLayerTransaction::Msg_ReleaseLayer Processing error: message was deserialized, but the handler returned false (indicating failure)

IPDL protocol error: Handler returned error code!

###!!! [Parent][DispatchAsyncMessage] Error: PLayerTransaction::Msg_ReleaseLayer Processing error: message was deserialized, but the handler returned false (indicating failure)

IPDL protocol error: Handler returned error code!

###!!! [Parent][DispatchAsyncMessage] Error: PLayerTransaction::Msg_ReleaseLayer Processing error: message was deserialized, but the handler returned false (indicating failure)

IPDL protocol error: Handler returned error code!

###!!! [Parent][DispatchAsyncMessage] Error: PLayerTransaction::Msg_ReleaseLayer Processing error: message was deserialized, but the handler returned false (indicating failure)

IPDL protocol error: Handler returned error code!

###!!! [Parent][DispatchAsyncMessage] Error: PLayerTransaction::Msg_ReleaseLayer Processing error: message was deserialized, but the handler returned false (indicating failure)

IPDL protocol error: Handler returned error code!

###!!! [Parent][DispatchAsyncMessage] Error: PLayerTransaction::Msg_ReleaseLayer Processing error: message was deserialized, but the handler returned false (indicating failure)

IPDL protocol error: Handler returned error code!

###!!! [Parent][DispatchAsyncMessage] Error: PLayerTransaction::Msg_ReleaseLayer Processing error: message was deserialized, but the handler returned false (indicating failure)

IPDL protocol error: Handler returned error code!

###!!! [Parent][DispatchAsyncMessage] Error: PLayerTransaction::Msg_ReleaseLayer Processing error: message was deserialized, but the handler returned false (indicating failure)

IPDL protocol error: Handler returned error code!

###!!! [Parent][DispatchAsyncMessage] Error: PLayerTransaction::Msg_ReleaseLayer Processing error: message was deserialized, but the handler returned false (indicating failure)

IPDL protocol error: Handler returned error code!

###!!! [Parent][DispatchAsyncMessage] Error: PLayerTransaction::Msg_ReleaseLayer Processing error: message was deserialized, but the handler returned false (indicating failure)

IPDL protocol error: Handler returned error code!

###!!! [Parent][DispatchAsyncMessage] Error: PLayerTransaction::Msg_ReleaseLayer Processing error: message was deserialized, but the handler returned false (indicating failure)

IPDL protocol error: Handler returned error code!

###!!! [Parent][DispatchAsyncMessage] Error: PLayerTransaction::Msg_ReleaseLayer Processing error: message was deserialized, but the handler returned false (indicating failure)

IPDL protocol error: Handler returned error code!

###!!! [Parent][DispatchAsyncMessage] Error: PLayerTransaction::Msg_ReleaseLayer Processing error: message was deserialized, but the handler returned false (indicating failure)

IPDL protocol error: Handler returned error code!

###!!! [Parent][DispatchAsyncMessage] Error: PLayerTransaction::Msg_ReleaseLayer Processing error: message was deserialized, but the handler returned false (indicating failure)

IPDL protocol error: Handler returned error code!

###!!! [Parent][DispatchAsyncMessage] Error: PLayerTransaction::Msg_ReleaseLayer Processing error: message was deserialized, but the handler returned false (indicating failure)

IPDL protocol error: Handler returned error code!

###!!! [Parent][DispatchAsyncMessage] Error: PLayerTransaction::Msg_ReleaseLayer Processing error: message was deserialized, but the handler returned false (indicating failure)

IPDL protocol error: Handler returned error code!

###!!! [Parent][DispatchAsyncMessage] Error: PLayerTransaction::Msg_ReleaseLayer Processing error: message was deserialized, but the handler returned false (indicating failure)

IPDL protocol error: Handler returned error code!

###!!! [Parent][DispatchAsyncMessage] Error: PLayerTransaction::Msg_ReleaseLayer Processing error: message was deserialized, but the handler returned false (indicating failure)

[Child 5564, Chrome_ChildThread] WARNING: pipe error: 109: file z:/task_1568728986/build/src/ipc/chromium/src/chrome/common/ipc_channel_win.cc, line 341
[Child 556[Parent 11384, Gecko_IOThread] WARNING: pipe error: 109: file z:/task_1568728986/build/src/ipc/chromium/src/chrome/common/ipc_channel_win.cc, line 341
[Child 22392, Chrome_ChildThread] WARNING: pipe error: 109: file z:/task_1568728986/build/src/ipc/chromium/src/chrome/common/ipc_channel_win.cc, line 341
1569718332647	Marionette	INFO	Stopped listening on port 63546

###!!! [Child][RunMessage] Error: Channel closing: too late to send/recv, messages will be lost

[GPU 8116, Chrom
###!!! [Child][MessageChannel::SendAndWait] Error: Channel error: cannot send/recv

or: 109: file z:/task_1568728986/build/src/ipc/chromium/src/chrome/common/ipc_channel_win.cc, line 341
[Child 3116, 1569718331537	Marionette	INFO	Stopped listening on port 64475
[GPU 22000, C
###!!! [Child][RunMessage] Error: Channel closing: too late to send/recv, messages will be lost


###!!! [Child][MessageChannel::SendAndWait] Error: Channel error: cannot send/recv

1569718341571	mozrunner::runner	INFO	Running command: "C:\\Program Files\\Mozilla Firefox\\firefox.exe" "-marionette" "-foreground" "-no-remote" "-profile" "C:\\Users\\katzc\\AppData\\Local\\Temp\\rust_mozprofile.CyyiCQaYQvNy"
1569718342027	addons.webextension.screenshots@mozilla.org	WARN	Loading extension 'screenshots@mozilla.org': Reading manifest: Invalid extension permission: mozillaAddons
1569718342028	addons.webextension.screenshots@mozilla.org	WARN	Loading extension 'screenshots@mozilla.org': Reading manifest: Invalid extension permission: telemetry
1569718342028	addons.webextension.screenshots@mozilla.org	WARN	Loading extension 'screenshots@mozilla.org': Reading manifest: Invalid extension permission: resource://pdf.js/
1569718342028	addons.webextension.screenshots@mozilla.org	WARN	Loading extension 'screenshots@mozilla.org': Reading manifest: Invalid extension permission: about:reader*
JavaScript error: resource://gre/modules/XULStore.jsm, line 66: Error: Can't find profile directory.
1569718343770	Marionette	INFO	Listening on port 64677
1569718344191	Marionette	WARN	TLS certificate errors will be ignored for this session
JavaScript warning: https://e.mail.ru/messages/inbox/?back=1&afterReload=1 line 1053 > eval, line 1: Array.forEach is deprecated; use Array.prototype.forEach instead
1569718442863	mozrunner::runner	INFO	Running command: "C:\\Program Files\\Mozilla Firefox\\firefox.exe" "-marionette" "-foreground" "-no-remote" "-profile" "C:\\Users\\katzc\\AppData\\Local\\Temp\\rust_mozprofile.GTyHOD0XKcvf"
1569718443354	addons.webextension.screenshots@mozilla.org	WARN	Loading extension 'screenshots@mozilla.org': Reading manifest: Invalid extension permission: mozillaAddons
1569718443354	addons.webextension.screenshots@mozilla.org	WARN	Loading extension 'screenshots@mozilla.org': Reading manifest: Invalid extension permission: telemetry
1569718443354	addons.webextension.screenshots@mozilla.org	WARN	Loading extension 'screenshots@mozilla.org': Reading manifest: Invalid extension permission: resource://pdf.js/
1569718443355	addons.webextension.screenshots@mozilla.org	WARN	Loading extension 'screenshots@mozilla.org': Reading manifest: Invalid extension permission: about:reader*
JavaScript error: resource://gre/modules/XULStore.jsm, line 66: Error: Can't find profile directory.
1569718445336	Marionette	INFO	Listening on port 64910
1569718445486	Marionette	WARN	TLS certificate errors will be ignored for this session
JavaScript warning: https://e.mail.ru/messages/inbox/?back=1&afterReload=1 line 1053 > eval, line 1: Array.forEach is deprecated; use Array.prototype.forEach instead
[Parent 8156, Gecko_IOThread] WARNING: pipe error: 109: file z:/task_1568728986/build/src/ipc/chromium/src/chrome/common/ipc_channel_win.cc, line 341
ile" "C:\\Users\\katzc\\AppData\\Local\\Temp\\rust_mozprofile.C0WQG1NdpiNA"
1569718567821	mozrunner::runner	INFO	Running command: "C:\\Program Files\\Mozilla Firefox\\firefox.exe" "-marionette" "-foreground" "-no-remote" "-profile" "C:\\Users\\katzc\\AppData\\Local\\Temp\\rust_mozprofile.G9CtEux6q2ol"
1569718568347	addons.webextension.screenshots@mozilla.org	WARN	Loading extension 'screenshots@mozilla.org': Reading manifest: Invalid extension permission: mozillaAddons
1569718568347	addons.webextension.screenshots@mozilla.org	WARN	Loading extension 'screenshots@mozilla.org': Reading manifest: Invalid extension permission: telemetry
1569718568347	addons.webextension.screenshots@mozilla.org	WARN	Loading extension 'screenshots@mozilla.org': Reading manifest: Invalid extension permission: resource://pdf.js/
1569718568348	addons.webextension.screenshots@mozilla.org	WARN	Loading extension 'screenshots@mozilla.org': Reading manifest: Invalid extension permission: about:reader*
JavaScript error: resource://gre/modules/XULStore.jsm, line 66: Error: Can't find profile directory.
1569718570525	Marionette	INFO	Listening on port 65267
1569718570944	Marionette	WARN	TLS certificate errors will be ignored for this session
JavaScript warning: https://e.mail.ru/messages/inbox/?back=1&afterReload=1 line 1053 > eval, line 1: Array.forEach is deprecated; use Array.prototype.forEach instead
IPDL protocol error: Handler returned error code!

###!!! [Parent][DispatchAsyncMessage] Error: PImageBridge::Msg_Update Processing error: message was deserialized, but the handler returned false (indicating failure)

IPDL protocol error: Handler returned error code!

###!!! [Parent][DispatchAsyncMessage] Error: PImageBridge::Msg_Update Processing error: message was deserialized, but the handler returned false (indicating failure)

IPDL protocol error: Handler returned error code!

###!!! [Parent][DispatchAsyncMessage] Error: PImageBridge::Msg_Update Processing error: message was deserialized, but the handler returned false (indicating failure)

[Child 24056, Chrome_ChildThread] WARNING: pipe error: 109: file z:/task_1568728986/build/src/ipc/chromium/src/chrome/common/ipc_channel_win.cc, line 341
[Child 24056, Chrome_ChildThread] WARNING: pipe error: 109: fi[Child 23596, Chrome_ChildThread] WARNING: pipe error: 109: file z:/task_1568728986/build/src/ipc/chromium/src/chrome/common/ipc_channel_win.cc, line 341
[Child 23596, Chrome_ChildThread] WARNING: pipe error: 109: file z:/task_1568728986/build/src/ipc/chromium/src/chrome/common/ipc_channel_win.cc, line 341
[Parent 22504, Gecko_IOThread] WARNING: pipe error: 109: file z:/task_1568728986/build/src/ipc/chromium/src/chrome/common/ipc_channel_win.cc, line 341
1569718605182	Marionette	INFO	Stopped listening on port 65267

###!!! [Child][RunMessage] Error: Channel closing: too late to send/recv, messages will be lost

[GPU 21564, Chr
###!!! [Child][MessageChannel::SendAndWait] Error: Channel error: cannot send/recv

1569718632743	mozrunner::runner	INFO	Running command: "C:\\Program Files\\Mozilla Firefox\\firefox.exe" "-marionette" "-foreground" "-no-remote" "-profile" "C:\\Users\\katzc\\AppData\\Local\\Temp\\rust_mozprofile.kzvvMqsuqM1e"
1569718633255	addons.webextension.screenshots@mozilla.org	WARN	Loading extension 'screenshots@mozilla.org': Reading manifest: Invalid extension permission: mozillaAddons
1569718633255	addons.webextension.screenshots@mozilla.org	WARN	Loading extension 'screenshots@mozilla.org': Reading manifest: Invalid extension permission: telemetry
1569718633255	addons.webextension.screenshots@mozilla.org	WARN	Loading extension 'screenshots@mozilla.org': Reading manifest: Invalid extension permission: resource://pdf.js/
1569718633255	addons.webextension.screenshots@mozilla.org	WARN	Loading extension 'screenshots@mozilla.org': Reading manifest: Invalid extension permission: about:reader*
JavaScript error: resource://gre/modules/XULStore.jsm, line 66: Error: Can't find profile directory.
1569718635223	Marionette	INFO	Listening on port 65483
1569718635373	Marionette	WARN	TLS certificate errors will be ignored for this session
JavaScript warning: https://e.mail.ru/messages/inbox/?back=1&afterReload=1 line 1053 > eval, line 1: Array.forEach is deprecated; use Array.prototype.forEach instead
JavaScript error: , line 0: uncaught exception: Object
JavaScript warning: https://e.mail.ru/inbox/?back=1&afterReload=1 line 1053 > eval, line 1: Array.forEach is deprecated; use Array.prototype.forEach instead
[Child 21300, Chrome_ChildThread] WARNING: pipe error: 109: file z:/task_1568728986/build/src/ipc/chromium/src/chrome/common/ipc_channel_win.cc, line 341
[Child 21300, Chrome_Chi[Parent 24172, Gecko_IOThread] WARNING: pipe error:[ C995: hfiildl e19304,  Chromz:/taske_1568728986_C/build/srhilc/dipc/chromium/src/chrome/common/ipc_channelT_hread] WwARNING: pipe eirnror: .cc, line 458
109: file z:/task_1568728986/build/src/ipc/chromium/src/chrome/common/ipc_channel_win.cc, line 341
[Child 19304, Chrom[Parent 24172, Gecko_IOThread] WARNING: pipe error: 109: file z:/task_1568728986/build/src/ipc/chromium/src/chrome/common/ipc_channel_win.cc, line 341
1569718680540	Marionette	INFO	Stopped listening on port 65483
[GPU 
###!!! [Child][RunMessage] Error: Channel closing: too late to send/recv, messages will be lost


###!!! [Child][MessageChannel::SendAndWait] Error: Channel error: cannot send/recv

1569718781199	mozrunner::runner	INFO	Running command: "C:\\Program Files\\Mozilla Firefox\\firefox.exe" "-marionette" "-foreground" "-no-remote" "-profile" "C:\\Users\\katzc\\AppData\\Local\\Temp\\rust_mozprofile.MrnLPTihRbpV"
1569718781681	addons.webextension.screenshots@mozilla.org	WARN	Loading extension 'screenshots@mozilla.org': Reading manifest: Invalid extension permission: mozillaAddons
1569718781681	addons.webextension.screenshots@mozilla.org	WARN	Loading extension 'screenshots@mozilla.org': Reading manifest: Invalid extension permission: telemetry
1569718781681	addons.webextension.screenshots@mozilla.org	WARN	Loading extension 'screenshots@mozilla.org': Reading manifest: Invalid extension permission: resource://pdf.js/
1569718781681	addons.webextension.screenshots@mozilla.org	WARN	Loading extension 'screenshots@mozilla.org': Reading manifest: Invalid extension permission: about:reader*
JavaScript error: resource://gre/modules/XULStore.jsm, line 66: Error: Can't find profile directory.
1569718783409	Marionette	INFO	Listening on port 49448
1569718783821	Marionette	WARN	TLS certificate errors will be ignored for this session
JavaScript warning: https://e.mail.ru/messages/inbox/?back=1&afterReload=1 line 1053 > eval, line 1: Array.forEach is deprecated; use Array.prototype.forEach instead
JavaScript warning: https://e.mail.ru/inbox/?back=1&afterReload=1 line 1053 > eval, line 1: Array.forEach is deprecated; use Array.prototype.forEach instead
1569718884894	mozrunner::runner	INFO	Running command: "C:\\Program Files\\Mozilla Firefox\\firefox.exe" "-marionette" "-foreground" "-no-remote" "-profile" "C:\\Users\\katzc\\AppData\\Local\\Temp\\rust_mozprofile.KfbbGmhb6y2x"
1569718885389	addons.webextension.screenshots@mozilla.org	WARN	Loading extension 'screenshots@mozilla.org': Reading manifest: Invalid extension permission: mozillaAddons
1569718885389	addons.webextension.screenshots@mozilla.org	WARN	Loading extension 'screenshots@mozilla.org': Reading manifest: Invalid extension permission: telemetry
1569718885389	addons.webextension.screenshots@mozilla.org	WARN	Loading extension 'screenshots@mozilla.org': Reading manifest: Invalid extension permission: resource://pdf.js/
1569718885389	addons.webextension.screenshots@mozilla.org	WARN	Loading extension 'screenshots@mozilla.org': Reading manifest: Invalid extension permission: about:reader*
JavaScript error: resource://gre/modules/XULStore.jsm, line 66: Error: Can't find profile directory.
1569718887355	Marionette	INFO	Listening on port 49744
1569718887516	Marionette	WARN	TLS certificate errors will be ignored for this session
JavaScript warning: https://e.mail.ru/messages/inbox/?back=1&afterReload=1 line 1053 > eval, line 1: Array.forEach is deprecated; use Array.prototype.forEach instead
JavaScript error: , line 0: uncaught exception: Object
JavaScript warning: https://e.mail.ru/inbox/?back=1&afterReload=1 line 1053 > eval, line 1: Array.forEach is deprecated; use Array.prototype.forEach instead
1569718964295	mozrunner::runner	INFO	Running command: "C:\\Program Files\\Mozilla Firefox\\firefox.exe" "-marionette" "-foreground" "-no-remote" "-profile" "C:\\Users\\katzc\\AppData\\Local\\Temp\\rust_mozprofile.bC5azYecw7vr"
1569718964820	addons.webextension.screenshots@mozilla.org	WARN	Loading extension 'screenshots@mozilla.org': Reading manifest: Invalid extension permission: mozillaAddons
1569718964820	addons.webextension.screenshots@mozilla.org	WARN	Loading extension 'screenshots@mozilla.org': Reading manifest: Invalid extension permission: telemetry
1569718964820	addons.webextension.screenshots@mozilla.org	WARN	Loading extension 'screenshots@mozilla.org': Reading manifest: Invalid extension permission: resource://pdf.js/
1569718964820	addons.webextension.screenshots@mozilla.org	WARN	Loading extension 'screenshots@mozilla.org': Reading manifest: Invalid extension permission: about:reader*
JavaScript error: resource://gre/modules/XULStore.jsm, line 66: Error: Can't find profile directory.
1569718966946	Marionette	INFO	Listening on port 50022
1569718967424	Marionette	WARN	TLS certificate errors will be ignored for this session
1569719022725	mozrunner::runner	INFO	Running command: "C:\\Program Files\\Mozilla Firefox\\firefox.exe" "-marionette" "-foreground" "-no-remote" "-profile" "C:\\Users\\katzc\\AppData\\Local\\Temp\\rust_mozprofile.BendZmH4nKMB"
1569719042241	mozrunner::runner	INFO	Running command: "C:\\Program Files\\Mozilla Firefox\\firefox.exe" "-marionette" "-foreground" "-no-remote" "-profile" "C:\\Users\\katzc\\AppData\\Local\\Temp\\rust_mozprofile.mD7gliwcNlHN"
1569719042843	addons.webextension.screenshots@mozilla.org	WARN	Loading extension 'screenshots@mozilla.org': Reading manifest: Invalid extension permission: mozillaAddons
1569719042843	addons.webextension.screenshots@mozilla.org	WARN	Loading extension 'screenshots@mozilla.org': Reading manifest: Invalid extension permission: telemetry
1569719042844	addons.webextension.screenshots@mozilla.org	WARN	Loading extension 'screenshots@mozilla.org': Reading manifest: Invalid extension permission: resource://pdf.js/
1569719042844	addons.webextension.screenshots@mozilla.org	WARN	Loading extension 'screenshots@mozilla.org': Reading manifest: Invalid extension permission: about:reader*
1569719055620	mozrunner::runner	INFO	Running command: "C:\\Program Files\\Mozilla Firefox\\firefox.exe" "-marionette" "-foreground" "-no-remote" "-profile" "C:\\Users\\katzc\\AppData\\Local\\Temp\\rust_mozprofile.1m1SSqapob5p"
1569719056150	addons.webextension.screenshots@mozilla.org	WARN	Loading extension 'screenshots@mozilla.org': Reading manifest: Invalid extension permission: mozillaAddons
1569719056150	addons.webextension.screenshots@mozilla.org	WARN	Loading extension 'screenshots@mozilla.org': Reading manifest: Invalid extension permission: telemetry
1569719056150	addons.webextension.screenshots@mozilla.org	WARN	Loading extension 'screenshots@mozilla.org': Reading manifest: Invalid extension permission: resource://pdf.js/
1569719056150	addons.webextension.screenshots@mozilla.org	WARN	Loading extension 'screenshots@mozilla.org': Reading manifest: Invalid extension permission: about:reader*
JavaScript error: resource://gre/modules/XULStore.jsm, line 66: Error: Can't find profile directory.
1569719058368	Marionette	INFO	Listening on port 50293
1569719058744	Marionette	WARN	TLS certificate errors will be ignored for this session
JavaScript warning: https://e.mail.ru/messages/inbox/?back=1&afterReload=1 line 1053 > eval, line 1: Array.forEach is deprecated; use Array.prototype.forEach instead
JavaScript warning: https://e.mail.ru/inbox/?back=1&afterReload=1 line 1053 > eval, line 1: Array.forEach is deprecated; use Array.prototype.forEach instead
1569719116084	mozrunner::runner	INFO	Running command: "C:\\Program Files\\Mozilla Firefox\\firefox.exe" "-marionette" "-foreground" "-no-remote" "-profile" "C:\\Users\\katzc\\AppData\\Local\\Temp\\rust_mozprofile.8Jo38w5CWh1X"
1569719116684	addons.webextension.screenshots@mozilla.org	WARN	Loading extension 'screenshots@mozilla.org': Reading manifest: Invalid extension permission: mozillaAddons
1569719116684	addons.webextension.screenshots@mozilla.org	WARN	Loading extension 'screenshots@mozilla.org': Reading manifest: Invalid extension permission: telemetry
1569719116685	addons.webextension.screenshots@mozilla.org	WARN	Loading extension 'screenshots@mozilla.org': Reading manifest: Invalid extension permission: resource://pdf.js/
1569719116685	addons.webextension.screenshots@mozilla.org	WARN	Loading extension 'screenshots@mozilla.org': Reading manifest: Invalid extension permission: about:reader*
JavaScript error: resource://gre/modules/XULStore.jsm, line 66: Error: Can't find profile directory.
1569719119505	Marionette	INFO	Listening on port 50594
1569719119709	Marionette	WARN	TLS certificate errors will be ignored for this session
JavaScript warning: https://e.mail.ru/messages/inbox/?back=1&afterReload=1 line 1053 > eval, line 1: Array.forEach is deprecated; use Array.prototype.forEach instead
JavaScript warning: https://e.mail.ru/inbox/?back=1&afterReload=1 line 1053 > eval, line 1: Array.forEach is deprecated; use Array.prototype.forEach instead
JavaScript error: , line 0: uncaught exception: some_network_error
JavaScript warning: https://e.mail.ru/inbox/?back=1&afterReload=1 line 1053 > eval, line 1: Array.forEach is deprecated; use Array.prototype.forEach instead
JavaScript error: , line 0: uncaught exception: some_network_error
JavaScript warning: https://e.mail.ru/inbox/?back=1&afterReload=1 line 1053 > eval, line 1: Array.forEach is deprecated; use Array.prototype.forEach instead
1569719238039	mozrunner::runner	INFO	Running command: "C:\\Program Files\\Mozilla Firefox\\firefox.exe" "-marionette" "-foreground" "-no-remote" "-profile" "C:\\Users\\katzc\\AppData\\Local\\Temp\\rust_mozprofile.Wtn625OPdqYu"
1569719238643	addons.webextension.screenshots@mozilla.org	WARN	Loading extension 'screenshots@mozilla.org': Reading manifest: Invalid extension permission: mozillaAddons
1569719238643	addons.webextension.screenshots@mozilla.org	WARN	Loading extension 'screenshots@mozilla.org': Reading manifest: Invalid extension permission: telemetry
1569719238644	addons.webextension.screenshots@mozilla.org	WARN	Loading extension 'screenshots@mozilla.org': Reading manifest: Invalid extension permission: resource://pdf.js/
1569719238644	addons.webextension.screenshots@mozilla.org	WARN	Loading extension 'screenshots@mozilla.org': Reading manifest: Invalid extension permission: about:reader*
JavaScript error: resource://gre/modules/XULStore.jsm, line 66: Error: Can't find profile directory.
1569719241165	Marionette	INFO	Listening on port 51114
1569719241183	Marionette	WARN	TLS certificate errors will be ignored for this session
JavaScript warning: https://e.mail.ru/messages/inbox/?back=1&afterReload=1 line 1053 > eval, line 1: Array.forEach is deprecated; use Array.prototype.forEach instead
JavaScript error: https://e.mail.ru/messages/inbox/?back=1&afterReload=1 line 1053 > eval, line 1: TypeError: c is null
JavaScript warning: https://e.mail.ru/inbox/?back=1&afterReload=1 line 1053 > eval, line 1: Array.forEach is deprecated; use Array.prototype.forEach instead
1569719258322	Marionette	WARN	TimedPromise timed out after 500 ms: stacktrace:
bail@chrome://marionette/content/sync.js:237:64
JavaScript error: , line 0: uncaught exception: some_network_error
JavaScript warning: https://e.mail.ru/inbox/?back=1&afterReload=1 line 1053 > eval, line 1: Array.forEach is deprecated; use Array.prototype.forEach instead
JavaScript error: , line 0: uncaught exception: some_network_error
JavaScript warning: https://e.mail.ru/inbox/?back=1&afterReload=1 line 1053 > eval, line 1: Array.forEach is deprecated; use Array.prototype.forEach instead
JavaScript error: , line 0: uncaught exception: some_network_error
JavaScript warning: https://e.mail.ru/inbox/?back=1&afterReload=1 line 1053 > eval, line 1: Array.forEach is deprecated; use Array.prototype.forEach instead
1569719273854	Marionette	WARN	TimedPromise timed out after 500 ms: stacktrace:
bail@chrome://marionette/content/sync.js:237:64
JavaScript error: , line 0: uncaught exception: some_network_error
JavaScript warning: https://e.mail.ru/inbox/?back=1&afterReload=1 line 1053 > eval, line 1: Array.forEach is deprecated; use Array.prototype.forEach instead
1569719278901	Marionette	WARN	TimedPromise timed out after 500 ms: stacktrace:
bail@chrome://marionette/content/sync.js:237:64
JavaScript error: , line 0: uncaught exception: some_network_error
JavaScript warning: https://e.mail.ru/inbox/?back=1&afterReload=1 line 1053 > eval, line 1: Array.forEach is deprecated; use Array.prototype.forEach instead
1569719658992	mozrunner::runner	INFO	Running command: "C:\\Program Files\\Mozilla Firefox\\firefox.exe" "-marionette" "-foreground" "-no-remote" "-profile" "C:\\Users\\katzc\\AppData\\Local\\Temp\\rust_mozprofile.5iTdVzAZXq3x"
1569719659457	addons.webextension.screenshots@mozilla.org	WARN	Loading extension 'screenshots@mozilla.org': Reading manifest: Invalid extension permission: mozillaAddons
1569719659457	addons.webextension.screenshots@mozilla.org	WARN	Loading extension 'screenshots@mozilla.org': Reading manifest: Invalid extension permission: telemetry
1569719659457	addons.webextension.screenshots@mozilla.org	WARN	Loading extension 'screenshots@mozilla.org': Reading manifest: Invalid extension permission: resource://pdf.js/
1569719659458	addons.webextension.screenshots@mozilla.org	WARN	Loading extension 'screenshots@mozilla.org': Reading manifest: Invalid extension permission: about:reader*
JavaScript error: resource://gre/modules/XULStore.jsm, line 66: Error: Can't find profile directory.
1569719661255	Marionette	INFO	Listening on port 52478
1569719661615	Marionette	WARN	TLS certificate errors will be ignored for this session
JavaScript warning: https://e.mail.ru/messages/inbox/?back=1&afterReload=1 line 1053 > eval, line 1: Array.forEach is deprecated; use Array.prototype.forEach instead
JavaScript warning: https://e.mail.ru/inbox/?back=1&afterReload=1 line 1053 > eval, line 1: Array.forEach is deprecated; use Array.prototype.forEach instead
JavaScript error: , line 0: uncaught exception: some_network_error
JavaScript warning: https://e.mail.ru/inbox/?back=1&afterReload=1 line 1053 > eval, line 1: Array.forEach is deprecated; use Array.prototype.forEach instead
JavaScript error: , line 0: uncaught exception: some_network_error
JavaScript warning: https://e.mail.ru/inbox/?back=1&afterReload=1 line 1053 > eval, line 1: Array.forEach is deprecated; use Array.prototype.forEach instead
1569719686035	Marionette	WARN	TimedPromise timed out after 500 ms: stacktrace:
bail@chrome://marionette/content/sync.js:237:64
JavaScript error: , line 0: uncaught exception: some_network_error
JavaScript warning: https://e.mail.ru/inbox/?back=1&afterReload=1 line 1053 > eval, line 1: Array.forEach is deprecated; use Array.prototype.forEach instead
JavaScript error: , line 0: uncaught exception: some_network_error
JavaScript warning: https://e.mail.ru/inbox/?back=1&afterReload=1 line 1053 > eval, line 1: Array.forEach is deprecated; use Array.prototype.forEach instead
JavaScript error: , line 0: uncaught exception: some_network_error
JavaScript warning: https://e.mail.ru/inbox/?back=1&afterReload=1 line 1053 > eval, line 1: Array.forEach is deprecated; use Array.prototype.forEach instead
1569719699286	Marionette	WARN	TimedPromise timed out after 500 ms: stacktrace:
bail@chrome://marionette/content/sync.js:237:64
